Time : 24/09/2017 09:43:00
IP : ::1
URL : http://localhost:5590/WebResource.axd?d=KXtDxn8o6ZQXnTS84tsqwhikvuVQa_Vdya1JFNgmzqeO_a-jvQuJ488R2U6Xcu8zhvRPV4bVEtJZoXtpmGMKvUk491SXokgT2M_BkTZp1EM1&t=636161092665894255
Message : This is an invalid webresource request.
Source : System.Web
TargetSite : Void System.Web.IHttpHandler.ProcessRequest(System.Web.HttpContext)
StackTrace :    at System.Web.Handlers.AssemblyResourceLoader.System.Web.IHttpHandler.ProcessRequest(HttpContext context)
   at System.Web.HttpApplication.CallHandlerExecutionStep.System.Web.HttpApplication.IExecutionStep.Execute()
   at System.Web.HttpApplication.ExecuteStep(IExecutionStep step, Boolean& completedSynchronously)


Time : 24/09/2017 09:48:09
IP : ::1
URL : http://localhost:5590/WebResource.axd?d=KXtDxn8o6ZQXnTS84tsqwhikvuVQa_Vdya1JFNgmzqeO_a-jvQuJ488R2U6Xcu8zhvRPV4bVEtJZoXtpmGMKvUk491SXokgT2M_BkTZp1EM1&t=636161092665894255
Message : This is an invalid webresource request.
Source : System.Web
TargetSite : Void System.Web.IHttpHandler.ProcessRequest(System.Web.HttpContext)
StackTrace :    at System.Web.Handlers.AssemblyResourceLoader.System.Web.IHttpHandler.ProcessRequest(HttpContext context)
   at System.Web.HttpApplication.CallHandlerExecutionStep.System.Web.HttpApplication.IExecutionStep.Execute()
   at System.Web.HttpApplication.ExecuteStep(IExecutionStep step, Boolean& completedSynchronously)


Time : 24/09/2017 09:48:09
IP : ::1
URL : http://localhost:5590/WebResource.axd?d=KXtDxn8o6ZQXnTS84tsqwhikvuVQa_Vdya1JFNgmzqeO_a-jvQuJ488R2U6Xcu8zhvRPV4bVEtJZoXtpmGMKvUk491SXokgT2M_BkTZp1EM1&t=636161092665894255
Message : This is an invalid webresource request.
Source : System.Web
TargetSite : Void System.Web.IHttpHandler.ProcessRequest(System.Web.HttpContext)
StackTrace :    at System.Web.Handlers.AssemblyResourceLoader.System.Web.IHttpHandler.ProcessRequest(HttpContext context)
   at System.Web.HttpApplication.CallHandlerExecutionStep.System.Web.HttpApplication.IExecutionStep.Execute()
   at System.Web.HttpApplication.ExecuteStep(IExecutionStep step, Boolean& completedSynchronously)


Time : 24/09/2017 09:51:38
IP : ::1
URL : http://localhost:5590/WebResource.axd?d=KXtDxn8o6ZQXnTS84tsqwhikvuVQa_Vdya1JFNgmzqeO_a-jvQuJ488R2U6Xcu8zhvRPV4bVEtJZoXtpmGMKvUk491SXokgT2M_BkTZp1EM1&t=636161092665894255
Message : This is an invalid webresource request.
Source : System.Web
TargetSite : Void System.Web.IHttpHandler.ProcessRequest(System.Web.HttpContext)
StackTrace :    at System.Web.Handlers.AssemblyResourceLoader.System.Web.IHttpHandler.ProcessRequest(HttpContext context)
   at System.Web.HttpApplication.CallHandlerExecutionStep.System.Web.HttpApplication.IExecutionStep.Execute()
   at System.Web.HttpApplication.ExecuteStep(IExecutionStep step, Boolean& completedSynchronously)


Time : 24/09/2017 09:51:39
IP : ::1
URL : http://localhost:5590/WebResource.axd?d=KXtDxn8o6ZQXnTS84tsqwhikvuVQa_Vdya1JFNgmzqeO_a-jvQuJ488R2U6Xcu8zhvRPV4bVEtJZoXtpmGMKvUk491SXokgT2M_BkTZp1EM1&t=636161092665894255
Message : This is an invalid webresource request.
Source : System.Web
TargetSite : Void System.Web.IHttpHandler.ProcessRequest(System.Web.HttpContext)
StackTrace :    at System.Web.Handlers.AssemblyResourceLoader.System.Web.IHttpHandler.ProcessRequest(HttpContext context)
   at System.Web.HttpApplication.CallHandlerExecutionStep.System.Web.HttpApplication.IExecutionStep.Execute()
   at System.Web.HttpApplication.ExecuteStep(IExecutionStep step, Boolean& completedSynchronously)


Time : 24/09/2017 09:53:10
IP : ::1
URL : http://localhost:5590/WebResource.axd?d=KXtDxn8o6ZQXnTS84tsqwhikvuVQa_Vdya1JFNgmzqeO_a-jvQuJ488R2U6Xcu8zhvRPV4bVEtJZoXtpmGMKvUk491SXokgT2M_BkTZp1EM1&t=636161092665894255
Message : This is an invalid webresource request.
Source : System.Web
TargetSite : Void System.Web.IHttpHandler.ProcessRequest(System.Web.HttpContext)
StackTrace :    at System.Web.Handlers.AssemblyResourceLoader.System.Web.IHttpHandler.ProcessRequest(HttpContext context)
   at System.Web.HttpApplication.CallHandlerExecutionStep.System.Web.HttpApplication.IExecutionStep.Execute()
   at System.Web.HttpApplication.ExecuteStep(IExecutionStep step, Boolean& completedSynchronously)


Time : 24/09/2017 09:53:11
IP : ::1
URL : http://localhost:5590/WebResource.axd?d=KXtDxn8o6ZQXnTS84tsqwhikvuVQa_Vdya1JFNgmzqeO_a-jvQuJ488R2U6Xcu8zhvRPV4bVEtJZoXtpmGMKvUk491SXokgT2M_BkTZp1EM1&t=636161092665894255
Message : This is an invalid webresource request.
Source : System.Web
TargetSite : Void System.Web.IHttpHandler.ProcessRequest(System.Web.HttpContext)
StackTrace :    at System.Web.Handlers.AssemblyResourceLoader.System.Web.IHttpHandler.ProcessRequest(HttpContext context)
   at System.Web.HttpApplication.CallHandlerExecutionStep.System.Web.HttpApplication.IExecutionStep.Execute()
   at System.Web.HttpApplication.ExecuteStep(IExecutionStep step, Boolean& completedSynchronously)


Time : 24/09/2017 09:58:10
IP : ::1
URL : http://localhost:5590/WebResource.axd?d=KXtDxn8o6ZQXnTS84tsqwhikvuVQa_Vdya1JFNgmzqeO_a-jvQuJ488R2U6Xcu8zhvRPV4bVEtJZoXtpmGMKvUk491SXokgT2M_BkTZp1EM1&t=636161092665894255
Message : This is an invalid webresource request.
Source : System.Web
TargetSite : Void System.Web.IHttpHandler.ProcessRequest(System.Web.HttpContext)
StackTrace :    at System.Web.Handlers.AssemblyResourceLoader.System.Web.IHttpHandler.ProcessRequest(HttpContext context)
   at System.Web.HttpApplication.CallHandlerExecutionStep.System.Web.HttpApplication.IExecutionStep.Execute()
   at System.Web.HttpApplication.ExecuteStep(IExecutionStep step, Boolean& completedSynchronously)


Time : 24/09/2017 09:58:11
IP : ::1
URL : http://localhost:5590/WebResource.axd?d=KXtDxn8o6ZQXnTS84tsqwhikvuVQa_Vdya1JFNgmzqeO_a-jvQuJ488R2U6Xcu8zhvRPV4bVEtJZoXtpmGMKvUk491SXokgT2M_BkTZp1EM1&t=636161092665894255
Message : This is an invalid webresource request.
Source : System.Web
TargetSite : Void System.Web.IHttpHandler.ProcessRequest(System.Web.HttpContext)
StackTrace :    at System.Web.Handlers.AssemblyResourceLoader.System.Web.IHttpHandler.ProcessRequest(HttpContext context)
   at System.Web.HttpApplication.CallHandlerExecutionStep.System.Web.HttpApplication.IExecutionStep.Execute()
   at System.Web.HttpApplication.ExecuteStep(IExecutionStep step, Boolean& completedSynchronously)


Time : 24/09/2017 10:03:25
IP : ::1
URL : http://localhost:5590/WebResource.axd?d=KXtDxn8o6ZQXnTS84tsqwhikvuVQa_Vdya1JFNgmzqeO_a-jvQuJ488R2U6Xcu8zhvRPV4bVEtJZoXtpmGMKvUk491SXokgT2M_BkTZp1EM1&t=636161092665894255
Message : This is an invalid webresource request.
Source : System.Web
TargetSite : Void System.Web.IHttpHandler.ProcessRequest(System.Web.HttpContext)
StackTrace :    at System.Web.Handlers.AssemblyResourceLoader.System.Web.IHttpHandler.ProcessRequest(HttpContext context)
   at System.Web.HttpApplication.CallHandlerExecutionStep.System.Web.HttpApplication.IExecutionStep.Execute()
   at System.Web.HttpApplication.ExecuteStep(IExecutionStep step, Boolean& completedSynchronously)


Time : 24/09/2017 10:03:26
IP : ::1
URL : http://localhost:5590/WebResource.axd?d=KXtDxn8o6ZQXnTS84tsqwhikvuVQa_Vdya1JFNgmzqeO_a-jvQuJ488R2U6Xcu8zhvRPV4bVEtJZoXtpmGMKvUk491SXokgT2M_BkTZp1EM1&t=636161092665894255
Message : This is an invalid webresource request.
Source : System.Web
TargetSite : Void System.Web.IHttpHandler.ProcessRequest(System.Web.HttpContext)
StackTrace :    at System.Web.Handlers.AssemblyResourceLoader.System.Web.IHttpHandler.ProcessRequest(HttpContext context)
   at System.Web.HttpApplication.CallHandlerExecutionStep.System.Web.HttpApplication.IExecutionStep.Execute()
   at System.Web.HttpApplication.ExecuteStep(IExecutionStep step, Boolean& completedSynchronously)


Time : 24/09/2017 10:04:03
IP : ::1
URL : http://localhost:5590/WebResource.axd?d=KXtDxn8o6ZQXnTS84tsqwhikvuVQa_Vdya1JFNgmzqeO_a-jvQuJ488R2U6Xcu8zhvRPV4bVEtJZoXtpmGMKvUk491SXokgT2M_BkTZp1EM1&t=636161092665894255
Message : This is an invalid webresource request.
Source : System.Web
TargetSite : Void System.Web.IHttpHandler.ProcessRequest(System.Web.HttpContext)
StackTrace :    at System.Web.Handlers.AssemblyResourceLoader.System.Web.IHttpHandler.ProcessRequest(HttpContext context)
   at System.Web.HttpApplication.CallHandlerExecutionStep.System.Web.HttpApplication.IExecutionStep.Execute()
   at System.Web.HttpApplication.ExecuteStep(IExecutionStep step, Boolean& completedSynchronously)


Time : 24/09/2017 10:04:04
IP : ::1
URL : http://localhost:5590/WebResource.axd?d=KXtDxn8o6ZQXnTS84tsqwhikvuVQa_Vdya1JFNgmzqeO_a-jvQuJ488R2U6Xcu8zhvRPV4bVEtJZoXtpmGMKvUk491SXokgT2M_BkTZp1EM1&t=636161092665894255
Message : This is an invalid webresource request.
Source : System.Web
TargetSite : Void System.Web.IHttpHandler.ProcessRequest(System.Web.HttpContext)
StackTrace :    at System.Web.Handlers.AssemblyResourceLoader.System.Web.IHttpHandler.ProcessRequest(HttpContext context)
   at System.Web.HttpApplication.CallHandlerExecutionStep.System.Web.HttpApplication.IExecutionStep.Execute()
   at System.Web.HttpApplication.ExecuteStep(IExecutionStep step, Boolean& completedSynchronously)


Time : 24/09/2017 10:08:39
IP : ::1
URL : http://localhost:5590/WebResource.axd?d=KXtDxn8o6ZQXnTS84tsqwhikvuVQa_Vdya1JFNgmzqeO_a-jvQuJ488R2U6Xcu8zhvRPV4bVEtJZoXtpmGMKvUk491SXokgT2M_BkTZp1EM1&t=636161092665894255
Message : This is an invalid webresource request.
Source : System.Web
TargetSite : Void System.Web.IHttpHandler.ProcessRequest(System.Web.HttpContext)
StackTrace :    at System.Web.Handlers.AssemblyResourceLoader.System.Web.IHttpHandler.ProcessRequest(HttpContext context)
   at System.Web.HttpApplication.CallHandlerExecutionStep.System.Web.HttpApplication.IExecutionStep.Execute()
   at System.Web.HttpApplication.ExecuteStep(IExecutionStep step, Boolean& completedSynchronously)


Time : 24/09/2017 10:08:40
IP : ::1
URL : http://localhost:5590/WebResource.axd?d=KXtDxn8o6ZQXnTS84tsqwhikvuVQa_Vdya1JFNgmzqeO_a-jvQuJ488R2U6Xcu8zhvRPV4bVEtJZoXtpmGMKvUk491SXokgT2M_BkTZp1EM1&t=636161092665894255
Message : This is an invalid webresource request.
Source : System.Web
TargetSite : Void System.Web.IHttpHandler.ProcessRequest(System.Web.HttpContext)
StackTrace :    at System.Web.Handlers.AssemblyResourceLoader.System.Web.IHttpHandler.ProcessRequest(HttpContext context)
   at System.Web.HttpApplication.CallHandlerExecutionStep.System.Web.HttpApplication.IExecutionStep.Execute()
   at System.Web.HttpApplication.ExecuteStep(IExecutionStep step, Boolean& completedSynchronously)


Time : 24/09/2017 10:12:34
IP : ::1
URL : http://localhost:5590/WebResource.axd?d=KXtDxn8o6ZQXnTS84tsqwhikvuVQa_Vdya1JFNgmzqeO_a-jvQuJ488R2U6Xcu8zhvRPV4bVEtJZoXtpmGMKvUk491SXokgT2M_BkTZp1EM1&t=636161092665894255
Message : This is an invalid webresource request.
Source : System.Web
TargetSite : Void System.Web.IHttpHandler.ProcessRequest(System.Web.HttpContext)
StackTrace :    at System.Web.Handlers.AssemblyResourceLoader.System.Web.IHttpHandler.ProcessRequest(HttpContext context)
   at System.Web.HttpApplication.CallHandlerExecutionStep.System.Web.HttpApplication.IExecutionStep.Execute()
   at System.Web.HttpApplication.ExecuteStep(IExecutionStep step, Boolean& completedSynchronously)


Time : 24/09/2017 10:12:35
IP : ::1
URL : http://localhost:5590/WebResource.axd?d=KXtDxn8o6ZQXnTS84tsqwhikvuVQa_Vdya1JFNgmzqeO_a-jvQuJ488R2U6Xcu8zhvRPV4bVEtJZoXtpmGMKvUk491SXokgT2M_BkTZp1EM1&t=636161092665894255
Message : This is an invalid webresource request.
Source : System.Web
TargetSite : Void System.Web.IHttpHandler.ProcessRequest(System.Web.HttpContext)
StackTrace :    at System.Web.Handlers.AssemblyResourceLoader.System.Web.IHttpHandler.ProcessRequest(HttpContext context)
   at System.Web.HttpApplication.CallHandlerExecutionStep.System.Web.HttpApplication.IExecutionStep.Execute()
   at System.Web.HttpApplication.ExecuteStep(IExecutionStep step, Boolean& completedSynchronously)


Time : 24/09/2017 10:13:11
IP : ::1
URL : http://localhost:5590/WebResource.axd?d=KXtDxn8o6ZQXnTS84tsqwhikvuVQa_Vdya1JFNgmzqeO_a-jvQuJ488R2U6Xcu8zhvRPV4bVEtJZoXtpmGMKvUk491SXokgT2M_BkTZp1EM1&t=636161092665894255
Message : This is an invalid webresource request.
Source : System.Web
TargetSite : Void System.Web.IHttpHandler.ProcessRequest(System.Web.HttpContext)
StackTrace :    at System.Web.Handlers.AssemblyResourceLoader.System.Web.IHttpHandler.ProcessRequest(HttpContext context)
   at System.Web.HttpApplication.CallHandlerExecutionStep.System.Web.HttpApplication.IExecutionStep.Execute()
   at System.Web.HttpApplication.ExecuteStep(IExecutionStep step, Boolean& completedSynchronously)


Time : 24/09/2017 10:13:12
IP : ::1
URL : http://localhost:5590/WebResource.axd?d=KXtDxn8o6ZQXnTS84tsqwhikvuVQa_Vdya1JFNgmzqeO_a-jvQuJ488R2U6Xcu8zhvRPV4bVEtJZoXtpmGMKvUk491SXokgT2M_BkTZp1EM1&t=636161092665894255
Message : This is an invalid webresource request.
Source : System.Web
TargetSite : Void System.Web.IHttpHandler.ProcessRequest(System.Web.HttpContext)
StackTrace :    at System.Web.Handlers.AssemblyResourceLoader.System.Web.IHttpHandler.ProcessRequest(HttpContext context)
   at System.Web.HttpApplication.CallHandlerExecutionStep.System.Web.HttpApplication.IExecutionStep.Execute()
   at System.Web.HttpApplication.ExecuteStep(IExecutionStep step, Boolean& completedSynchronously)


Time : 24/09/2017 10:40:24
IP : ::1
URL : http://localhost:5590/WebResource.axd?d=KXtDxn8o6ZQXnTS84tsqwhikvuVQa_Vdya1JFNgmzqeO_a-jvQuJ488R2U6Xcu8zhvRPV4bVEtJZoXtpmGMKvUk491SXokgT2M_BkTZp1EM1&t=636161092665894255
Message : This is an invalid webresource request.
Source : System.Web
TargetSite : Void System.Web.IHttpHandler.ProcessRequest(System.Web.HttpContext)
StackTrace :    at System.Web.Handlers.AssemblyResourceLoader.System.Web.IHttpHandler.ProcessRequest(HttpContext context)
   at System.Web.HttpApplication.CallHandlerExecutionStep.System.Web.HttpApplication.IExecutionStep.Execute()
   at System.Web.HttpApplication.ExecuteStep(IExecutionStep step, Boolean& completedSynchronously)


Time : 24/09/2017 10:40:25
IP : ::1
URL : http://localhost:5590/WebResource.axd?d=KXtDxn8o6ZQXnTS84tsqwhikvuVQa_Vdya1JFNgmzqeO_a-jvQuJ488R2U6Xcu8zhvRPV4bVEtJZoXtpmGMKvUk491SXokgT2M_BkTZp1EM1&t=636161092665894255
Message : This is an invalid webresource request.
Source : System.Web
TargetSite : Void System.Web.IHttpHandler.ProcessRequest(System.Web.HttpContext)
StackTrace :    at System.Web.Handlers.AssemblyResourceLoader.System.Web.IHttpHandler.ProcessRequest(HttpContext context)
   at System.Web.HttpApplication.CallHandlerExecutionStep.System.Web.HttpApplication.IExecutionStep.Execute()
   at System.Web.HttpApplication.ExecuteStep(IExecutionStep step, Boolean& completedSynchronously)


Time : 24/09/2017 10:47:27
IP : ::1
URL : http://localhost:5590/WebResource.axd?d=KXtDxn8o6ZQXnTS84tsqwhikvuVQa_Vdya1JFNgmzqeO_a-jvQuJ488R2U6Xcu8zhvRPV4bVEtJZoXtpmGMKvUk491SXokgT2M_BkTZp1EM1&t=636161092665894255
Message : This is an invalid webresource request.
Source : System.Web
TargetSite : Void System.Web.IHttpHandler.ProcessRequest(System.Web.HttpContext)
StackTrace :    at System.Web.Handlers.AssemblyResourceLoader.System.Web.IHttpHandler.ProcessRequest(HttpContext context)
   at System.Web.HttpApplication.CallHandlerExecutionStep.System.Web.HttpApplication.IExecutionStep.Execute()
   at System.Web.HttpApplication.ExecuteStep(IExecutionStep step, Boolean& completedSynchronously)


Time : 24/09/2017 10:47:27
IP : ::1
URL : http://localhost:5590/WebResource.axd?d=KXtDxn8o6ZQXnTS84tsqwhikvuVQa_Vdya1JFNgmzqeO_a-jvQuJ488R2U6Xcu8zhvRPV4bVEtJZoXtpmGMKvUk491SXokgT2M_BkTZp1EM1&t=636161092665894255
Message : This is an invalid webresource request.
Source : System.Web
TargetSite : Void System.Web.IHttpHandler.ProcessRequest(System.Web.HttpContext)
StackTrace :    at System.Web.Handlers.AssemblyResourceLoader.System.Web.IHttpHandler.ProcessRequest(HttpContext context)
   at System.Web.HttpApplication.CallHandlerExecutionStep.System.Web.HttpApplication.IExecutionStep.Execute()
   at System.Web.HttpApplication.ExecuteStep(IExecutionStep step, Boolean& completedSynchronously)


Time : 24/09/2017 10:58:26
IP : ::1
URL : http://localhost:5590/WebResource.axd?d=KXtDxn8o6ZQXnTS84tsqwhikvuVQa_Vdya1JFNgmzqeO_a-jvQuJ488R2U6Xcu8zhvRPV4bVEtJZoXtpmGMKvUk491SXokgT2M_BkTZp1EM1&t=636161092665894255
Message : This is an invalid webresource request.
Source : System.Web
TargetSite : Void System.Web.IHttpHandler.ProcessRequest(System.Web.HttpContext)
StackTrace :    at System.Web.Handlers.AssemblyResourceLoader.System.Web.IHttpHandler.ProcessRequest(HttpContext context)
   at System.Web.HttpApplication.CallHandlerExecutionStep.System.Web.HttpApplication.IExecutionStep.Execute()
   at System.Web.HttpApplication.ExecuteStep(IExecutionStep step, Boolean& completedSynchronously)


Time : 24/09/2017 10:58:26
IP : ::1
URL : http://localhost:5590/WebResource.axd?d=KXtDxn8o6ZQXnTS84tsqwhikvuVQa_Vdya1JFNgmzqeO_a-jvQuJ488R2U6Xcu8zhvRPV4bVEtJZoXtpmGMKvUk491SXokgT2M_BkTZp1EM1&t=636161092665894255
Message : This is an invalid webresource request.
Source : System.Web
TargetSite : Void System.Web.IHttpHandler.ProcessRequest(System.Web.HttpContext)
StackTrace :    at System.Web.Handlers.AssemblyResourceLoader.System.Web.IHttpHandler.ProcessRequest(HttpContext context)
   at System.Web.HttpApplication.CallHandlerExecutionStep.System.Web.HttpApplication.IExecutionStep.Execute()
   at System.Web.HttpApplication.ExecuteStep(IExecutionStep step, Boolean& completedSynchronously)


Time : 24/09/2017 10:59:38
IP : ::1
URL : http://localhost:5590/WebResource.axd?d=KXtDxn8o6ZQXnTS84tsqwhikvuVQa_Vdya1JFNgmzqeO_a-jvQuJ488R2U6Xcu8zhvRPV4bVEtJZoXtpmGMKvUk491SXokgT2M_BkTZp1EM1&t=636161092665894255
Message : This is an invalid webresource request.
Source : System.Web
TargetSite : Void System.Web.IHttpHandler.ProcessRequest(System.Web.HttpContext)
StackTrace :    at System.Web.Handlers.AssemblyResourceLoader.System.Web.IHttpHandler.ProcessRequest(HttpContext context)
   at System.Web.HttpApplication.CallHandlerExecutionStep.System.Web.HttpApplication.IExecutionStep.Execute()
   at System.Web.HttpApplication.ExecuteStep(IExecutionStep step, Boolean& completedSynchronously)


Time : 24/09/2017 10:59:38
IP : ::1
URL : http://localhost:5590/WebResource.axd?d=KXtDxn8o6ZQXnTS84tsqwhikvuVQa_Vdya1JFNgmzqeO_a-jvQuJ488R2U6Xcu8zhvRPV4bVEtJZoXtpmGMKvUk491SXokgT2M_BkTZp1EM1&t=636161092665894255
Message : This is an invalid webresource request.
Source : System.Web
TargetSite : Void System.Web.IHttpHandler.ProcessRequest(System.Web.HttpContext)
StackTrace :    at System.Web.Handlers.AssemblyResourceLoader.System.Web.IHttpHandler.ProcessRequest(HttpContext context)
   at System.Web.HttpApplication.CallHandlerExecutionStep.System.Web.HttpApplication.IExecutionStep.Execute()
   at System.Web.HttpApplication.ExecuteStep(IExecutionStep step, Boolean& completedSynchronously)


Time : 24/09/2017 11:00:02
IP : ::1
URL : http://localhost:5590/WebResource.axd?d=KXtDxn8o6ZQXnTS84tsqwhikvuVQa_Vdya1JFNgmzqeO_a-jvQuJ488R2U6Xcu8zhvRPV4bVEtJZoXtpmGMKvUk491SXokgT2M_BkTZp1EM1&t=636161092665894255
Message : This is an invalid webresource request.
Source : System.Web
TargetSite : Void System.Web.IHttpHandler.ProcessRequest(System.Web.HttpContext)
StackTrace :    at System.Web.Handlers.AssemblyResourceLoader.System.Web.IHttpHandler.ProcessRequest(HttpContext context)
   at System.Web.HttpApplication.CallHandlerExecutionStep.System.Web.HttpApplication.IExecutionStep.Execute()
   at System.Web.HttpApplication.ExecuteStep(IExecutionStep step, Boolean& completedSynchronously)


Time : 24/09/2017 11:00:03
IP : ::1
URL : http://localhost:5590/WebResource.axd?d=KXtDxn8o6ZQXnTS84tsqwhikvuVQa_Vdya1JFNgmzqeO_a-jvQuJ488R2U6Xcu8zhvRPV4bVEtJZoXtpmGMKvUk491SXokgT2M_BkTZp1EM1&t=636161092665894255
Message : This is an invalid webresource request.
Source : System.Web
TargetSite : Void System.Web.IHttpHandler.ProcessRequest(System.Web.HttpContext)
StackTrace :    at System.Web.Handlers.AssemblyResourceLoader.System.Web.IHttpHandler.ProcessRequest(HttpContext context)
   at System.Web.HttpApplication.CallHandlerExecutionStep.System.Web.HttpApplication.IExecutionStep.Execute()
   at System.Web.HttpApplication.ExecuteStep(IExecutionStep step, Boolean& completedSynchronously)


Time : 24/09/2017 11:00:43
IP : ::1
URL : http://localhost:5590/default.aspx
Message : e:\JOB\ITT\01.CongTTDT\02.Source\HL.Website\Views\CMenu\Left.ascx(4): error CS1002: ; expected
Source : System.Web
TargetSite : System.CodeDom.Compiler.CompilerResults Compile()
StackTrace :    at System.Web.Compilation.AssemblyBuilder.Compile()
   at System.Web.Compilation.BuildProvidersCompiler.PerformBuild()
   at System.Web.Compilation.BuildManager.CompileWebFile(VirtualPath virtualPath)
   at System.Web.Compilation.BuildManager.GetVPathBuildResultInternal(VirtualPath virtualPath, Boolean noBuild, Boolean allowCrossApp, Boolean allowBuildInPrecompile, Boolean throwIfNotFound, Boolean ensureIsUpToDate)
   at System.Web.Compilation.BuildManager.GetVPathBuildResultWithNoAssert(HttpContext context, VirtualPath virtualPath, Boolean noBuild, Boolean allowCrossApp, Boolean allowBuildInPrecompile, Boolean throwIfNotFound, Boolean ensureIsUpToDate)
   at System.Web.UI.TemplateControl.LoadControl(VirtualPath virtualPath)
   at System.Web.UI.TemplateControl.LoadControl(String virtualPath)
   at HL.Core.MVC.ViewPage.phamlen_13(Control control_0, String string_7, String string_8, String string_9, String string_10, String string_11)
   at HL.Core.MVC.ViewPage.phamlen_11(Control control_0)
   at HL.Core.MVC.ViewPage.phamlen_11(Control control_0)
   at HL.Core.MVC.ViewPage.phamlen_11(Control control_0)
   at HL.Core.MVC.ViewPage.OnLoad(EventArgs e)
   at System.Web.UI.Control.LoadRecursive()
   at System.Web.UI.Page.ProcessRequestMain(Boolean includeStagesBeforeAsyncPoint, Boolean includeStagesAfterAsyncPoint)
   at System.Web.UI.Page.ProcessRequest(Boolean includeStagesBeforeAsyncPoint, Boolean includeStagesAfterAsyncPoint)
   at System.Web.UI.Page.ProcessRequest()
   at System.Web.UI.Page.ProcessRequestWithNoAssert(HttpContext context)
   at System.Web.UI.Page.ProcessRequest(HttpContext context)
   at ASP.default_aspx.ProcessRequest(HttpContext context) in c:\Users\AnhThem\AppData\Local\Temp\Temporary ASP.NET Files\vs\8dbc73cc\5e60487e\App_Web_default.aspx.cdcab7d2.zgc0dud2.0.cs:line 0
   at System.Web.HttpApplication.CallHandlerExecutionStep.System.Web.HttpApplication.IExecutionStep.Execute()
   at System.Web.HttpApplication.ExecuteStep(IExecutionStep step, Boolean& completedSynchronously)


Time : 24/09/2017 11:01:03
IP : ::1
URL : http://localhost:5590/WebResource.axd?d=KXtDxn8o6ZQXnTS84tsqwhikvuVQa_Vdya1JFNgmzqeO_a-jvQuJ488R2U6Xcu8zhvRPV4bVEtJZoXtpmGMKvUk491SXokgT2M_BkTZp1EM1&t=636161092665894255
Message : This is an invalid webresource request.
Source : System.Web
TargetSite : Void System.Web.IHttpHandler.ProcessRequest(System.Web.HttpContext)
StackTrace :    at System.Web.Handlers.AssemblyResourceLoader.System.Web.IHttpHandler.ProcessRequest(HttpContext context)
   at System.Web.HttpApplication.CallHandlerExecutionStep.System.Web.HttpApplication.IExecutionStep.Execute()
   at System.Web.HttpApplication.ExecuteStep(IExecutionStep step, Boolean& completedSynchronously)


Time : 24/09/2017 11:01:03
IP : ::1
URL : http://localhost:5590/WebResource.axd?d=KXtDxn8o6ZQXnTS84tsqwhikvuVQa_Vdya1JFNgmzqeO_a-jvQuJ488R2U6Xcu8zhvRPV4bVEtJZoXtpmGMKvUk491SXokgT2M_BkTZp1EM1&t=636161092665894255
Message : This is an invalid webresource request.
Source : System.Web
TargetSite : Void System.Web.IHttpHandler.ProcessRequest(System.Web.HttpContext)
StackTrace :    at System.Web.Handlers.AssemblyResourceLoader.System.Web.IHttpHandler.ProcessRequest(HttpContext context)
   at System.Web.HttpApplication.CallHandlerExecutionStep.System.Web.HttpApplication.IExecutionStep.Execute()
   at System.Web.HttpApplication.ExecuteStep(IExecutionStep step, Boolean& completedSynchronously)


Time : 24/09/2017 11:01:37
IP : ::1
URL : http://localhost:5590/WebResource.axd?d=KXtDxn8o6ZQXnTS84tsqwhikvuVQa_Vdya1JFNgmzqeO_a-jvQuJ488R2U6Xcu8zhvRPV4bVEtJZoXtpmGMKvUk491SXokgT2M_BkTZp1EM1&t=636161092665894255
Message : This is an invalid webresource request.
Source : System.Web
TargetSite : Void System.Web.IHttpHandler.ProcessRequest(System.Web.HttpContext)
StackTrace :    at System.Web.Handlers.AssemblyResourceLoader.System.Web.IHttpHandler.ProcessRequest(HttpContext context)
   at System.Web.HttpApplication.CallHandlerExecutionStep.System.Web.HttpApplication.IExecutionStep.Execute()
   at System.Web.HttpApplication.ExecuteStep(IExecutionStep step, Boolean& completedSynchronously)


Time : 24/09/2017 11:01:37
IP : ::1
URL : http://localhost:5590/WebResource.axd?d=KXtDxn8o6ZQXnTS84tsqwhikvuVQa_Vdya1JFNgmzqeO_a-jvQuJ488R2U6Xcu8zhvRPV4bVEtJZoXtpmGMKvUk491SXokgT2M_BkTZp1EM1&t=636161092665894255
Message : This is an invalid webresource request.
Source : System.Web
TargetSite : Void System.Web.IHttpHandler.ProcessRequest(System.Web.HttpContext)
StackTrace :    at System.Web.Handlers.AssemblyResourceLoader.System.Web.IHttpHandler.ProcessRequest(HttpContext context)
   at System.Web.HttpApplication.CallHandlerExecutionStep.System.Web.HttpApplication.IExecutionStep.Execute()
   at System.Web.HttpApplication.ExecuteStep(IExecutionStep step, Boolean& completedSynchronously)


Time : 24/09/2017 11:09:32
IP : ::1
URL : http://localhost:5590/WebResource.axd?d=KXtDxn8o6ZQXnTS84tsqwhikvuVQa_Vdya1JFNgmzqeO_a-jvQuJ488R2U6Xcu8zhvRPV4bVEtJZoXtpmGMKvUk491SXokgT2M_BkTZp1EM1&t=636161092665894255
Message : This is an invalid webresource request.
Source : System.Web
TargetSite : Void System.Web.IHttpHandler.ProcessRequest(System.Web.HttpContext)
StackTrace :    at System.Web.Handlers.AssemblyResourceLoader.System.Web.IHttpHandler.ProcessRequest(HttpContext context)
   at System.Web.HttpApplication.CallHandlerExecutionStep.System.Web.HttpApplication.IExecutionStep.Execute()
   at System.Web.HttpApplication.ExecuteStep(IExecutionStep step, Boolean& completedSynchronously)


Time : 24/09/2017 11:09:32
IP : ::1
URL : http://localhost:5590/WebResource.axd?d=KXtDxn8o6ZQXnTS84tsqwhikvuVQa_Vdya1JFNgmzqeO_a-jvQuJ488R2U6Xcu8zhvRPV4bVEtJZoXtpmGMKvUk491SXokgT2M_BkTZp1EM1&t=636161092665894255
Message : This is an invalid webresource request.
Source : System.Web
TargetSite : Void System.Web.IHttpHandler.ProcessRequest(System.Web.HttpContext)
StackTrace :    at System.Web.Handlers.AssemblyResourceLoader.System.Web.IHttpHandler.ProcessRequest(HttpContext context)
   at System.Web.HttpApplication.CallHandlerExecutionStep.System.Web.HttpApplication.IExecutionStep.Execute()
   at System.Web.HttpApplication.ExecuteStep(IExecutionStep step, Boolean& completedSynchronously)


Time : 24/09/2017 11:09:42
IP : ::1
URL : http://localhost:5590/WebResource.axd?d=KXtDxn8o6ZQXnTS84tsqwhikvuVQa_Vdya1JFNgmzqeO_a-jvQuJ488R2U6Xcu8zhvRPV4bVEtJZoXtpmGMKvUk491SXokgT2M_BkTZp1EM1&t=636161092665894255
Message : This is an invalid webresource request.
Source : System.Web
TargetSite : Void System.Web.IHttpHandler.ProcessRequest(System.Web.HttpContext)
StackTrace :    at System.Web.Handlers.AssemblyResourceLoader.System.Web.IHttpHandler.ProcessRequest(HttpContext context)
   at System.Web.HttpApplication.CallHandlerExecutionStep.System.Web.HttpApplication.IExecutionStep.Execute()
   at System.Web.HttpApplication.ExecuteStep(IExecutionStep step, Boolean& completedSynchronously)


Time : 24/09/2017 11:09:43
IP : ::1
URL : http://localhost:5590/WebResource.axd?d=KXtDxn8o6ZQXnTS84tsqwhikvuVQa_Vdya1JFNgmzqeO_a-jvQuJ488R2U6Xcu8zhvRPV4bVEtJZoXtpmGMKvUk491SXokgT2M_BkTZp1EM1&t=636161092665894255
Message : This is an invalid webresource request.
Source : System.Web
TargetSite : Void System.Web.IHttpHandler.ProcessRequest(System.Web.HttpContext)
StackTrace :    at System.Web.Handlers.AssemblyResourceLoader.System.Web.IHttpHandler.ProcessRequest(HttpContext context)
   at System.Web.HttpApplication.CallHandlerExecutionStep.System.Web.HttpApplication.IExecutionStep.Execute()
   at System.Web.HttpApplication.ExecuteStep(IExecutionStep step, Boolean& completedSynchronously)


Time : 24/09/2017 11:10:02
IP : ::1
URL : http://localhost:5590/Default.aspx
Message : CurrentTemplate = null
Source : HLv1.0.MVC.Core
TargetSite : Void InitializeCulture()
StackTrace :    at HL.Core.MVC.ViewPage.InitializeCulture()
   at ASP.default_aspx.__BuildControlTree(default_aspx __ctrl) in e:\JOB\ITT\01.CongTTDT\02.Source\HL.Website\Default.aspx:line 1
   at ASP.default_aspx.FrameworkInitialize() in c:\Users\AnhThem\AppData\Local\Temp\Temporary ASP.NET Files\vs\8dbc73cc\5e60487e\App_Web_default.aspx.cdcab7d2.zgc0dud2.0.cs:line 0
   at System.Web.UI.Page.ProcessRequest(Boolean includeStagesBeforeAsyncPoint, Boolean includeStagesAfterAsyncPoint)
   at System.Web.UI.Page.ProcessRequest()
   at System.Web.UI.Page.ProcessRequestWithNoAssert(HttpContext context)
   at System.Web.UI.Page.ProcessRequest(HttpContext context)
   at ASP.default_aspx.ProcessRequest(HttpContext context) in c:\Users\AnhThem\AppData\Local\Temp\Temporary ASP.NET Files\vs\8dbc73cc\5e60487e\App_Web_default.aspx.cdcab7d2.zgc0dud2.0.cs:line 0
   at System.Web.HttpApplication.CallHandlerExecutionStep.System.Web.HttpApplication.IExecutionStep.Execute()
   at System.Web.HttpApplication.ExecuteStep(IExecutionStep step, Boolean& completedSynchronously)


Time : 24/09/2017 11:10:14
IP : ::1
URL : http://localhost:5590/WebResource.axd?d=KXtDxn8o6ZQXnTS84tsqwhikvuVQa_Vdya1JFNgmzqeO_a-jvQuJ488R2U6Xcu8zhvRPV4bVEtJZoXtpmGMKvUk491SXokgT2M_BkTZp1EM1&t=636161092665894255
Message : This is an invalid webresource request.
Source : System.Web
TargetSite : Void System.Web.IHttpHandler.ProcessRequest(System.Web.HttpContext)
StackTrace :    at System.Web.Handlers.AssemblyResourceLoader.System.Web.IHttpHandler.ProcessRequest(HttpContext context)
   at System.Web.HttpApplication.CallHandlerExecutionStep.System.Web.HttpApplication.IExecutionStep.Execute()
   at System.Web.HttpApplication.ExecuteStep(IExecutionStep step, Boolean& completedSynchronously)


Time : 24/09/2017 11:10:14
IP : ::1
URL : http://localhost:5590/WebResource.axd?d=KXtDxn8o6ZQXnTS84tsqwhikvuVQa_Vdya1JFNgmzqeO_a-jvQuJ488R2U6Xcu8zhvRPV4bVEtJZoXtpmGMKvUk491SXokgT2M_BkTZp1EM1&t=636161092665894255
Message : This is an invalid webresource request.
Source : System.Web
TargetSite : Void System.Web.IHttpHandler.ProcessRequest(System.Web.HttpContext)
StackTrace :    at System.Web.Handlers.AssemblyResourceLoader.System.Web.IHttpHandler.ProcessRequest(HttpContext context)
   at System.Web.HttpApplication.CallHandlerExecutionStep.System.Web.HttpApplication.IExecutionStep.Execute()
   at System.Web.HttpApplication.ExecuteStep(IExecutionStep step, Boolean& completedSynchronously)


Time : 24/09/2017 11:10:30
IP : ::1
URL : http://localhost:5590/Default.aspx
Message : CurrentTemplate = null
Source : HLv1.0.MVC.Core
TargetSite : Void InitializeCulture()
StackTrace :    at HL.Core.MVC.ViewPage.InitializeCulture()
   at ASP.default_aspx.__BuildControlTree(default_aspx __ctrl) in e:\JOB\ITT\01.CongTTDT\02.Source\HL.Website\Default.aspx:line 1
   at ASP.default_aspx.FrameworkInitialize() in c:\Users\AnhThem\AppData\Local\Temp\Temporary ASP.NET Files\vs\8dbc73cc\5e60487e\App_Web_default.aspx.cdcab7d2.zgc0dud2.0.cs:line 0
   at System.Web.UI.Page.ProcessRequest(Boolean includeStagesBeforeAsyncPoint, Boolean includeStagesAfterAsyncPoint)
   at System.Web.UI.Page.ProcessRequest()
   at System.Web.UI.Page.ProcessRequestWithNoAssert(HttpContext context)
   at System.Web.UI.Page.ProcessRequest(HttpContext context)
   at ASP.default_aspx.ProcessRequest(HttpContext context) in c:\Users\AnhThem\AppData\Local\Temp\Temporary ASP.NET Files\vs\8dbc73cc\5e60487e\App_Web_default.aspx.cdcab7d2.zgc0dud2.0.cs:line 0
   at System.Web.HttpApplication.CallHandlerExecutionStep.System.Web.HttpApplication.IExecutionStep.Execute()
   at System.Web.HttpApplication.ExecuteStep(IExecutionStep step, Boolean& completedSynchronously)


Time : 24/09/2017 11:10:33
IP : ::1
URL : http://localhost:5590/Default.aspx
Message : CurrentTemplate = null
Source : HLv1.0.MVC.Core
TargetSite : Void InitializeCulture()
StackTrace :    at HL.Core.MVC.ViewPage.InitializeCulture()
   at ASP.default_aspx.__BuildControlTree(default_aspx __ctrl) in e:\JOB\ITT\01.CongTTDT\02.Source\HL.Website\Default.aspx:line 1
   at ASP.default_aspx.FrameworkInitialize() in c:\Users\AnhThem\AppData\Local\Temp\Temporary ASP.NET Files\vs\8dbc73cc\5e60487e\App_Web_default.aspx.cdcab7d2.zgc0dud2.0.cs:line 0
   at System.Web.UI.Page.ProcessRequest(Boolean includeStagesBeforeAsyncPoint, Boolean includeStagesAfterAsyncPoint)
   at System.Web.UI.Page.ProcessRequest()
   at System.Web.UI.Page.ProcessRequestWithNoAssert(HttpContext context)
   at System.Web.UI.Page.ProcessRequest(HttpContext context)
   at ASP.default_aspx.ProcessRequest(HttpContext context) in c:\Users\AnhThem\AppData\Local\Temp\Temporary ASP.NET Files\vs\8dbc73cc\5e60487e\App_Web_default.aspx.cdcab7d2.zgc0dud2.0.cs:line 0
   at System.Web.HttpApplication.CallHandlerExecutionStep.System.Web.HttpApplication.IExecutionStep.Execute()
   at System.Web.HttpApplication.ExecuteStep(IExecutionStep step, Boolean& completedSynchronously)


Time : 24/09/2017 11:19:35
IP : ::1
URL : http://localhost:5590/WebResource.axd?d=KXtDxn8o6ZQXnTS84tsqwhikvuVQa_Vdya1JFNgmzqeO_a-jvQuJ488R2U6Xcu8zhvRPV4bVEtJZoXtpmGMKvUk491SXokgT2M_BkTZp1EM1&t=636161092665894255
Message : This is an invalid webresource request.
Source : System.Web
TargetSite : Void System.Web.IHttpHandler.ProcessRequest(System.Web.HttpContext)
StackTrace :    at System.Web.Handlers.AssemblyResourceLoader.System.Web.IHttpHandler.ProcessRequest(HttpContext context)
   at System.Web.HttpApplication.CallHandlerExecutionStep.System.Web.HttpApplication.IExecutionStep.Execute()
   at System.Web.HttpApplication.ExecuteStep(IExecutionStep step, Boolean& completedSynchronously)


Time : 24/09/2017 11:19:36
IP : ::1
URL : http://localhost:5590/WebResource.axd?d=KXtDxn8o6ZQXnTS84tsqwhikvuVQa_Vdya1JFNgmzqeO_a-jvQuJ488R2U6Xcu8zhvRPV4bVEtJZoXtpmGMKvUk491SXokgT2M_BkTZp1EM1&t=636161092665894255
Message : This is an invalid webresource request.
Source : System.Web
TargetSite : Void System.Web.IHttpHandler.ProcessRequest(System.Web.HttpContext)
StackTrace :    at System.Web.Handlers.AssemblyResourceLoader.System.Web.IHttpHandler.ProcessRequest(HttpContext context)
   at System.Web.HttpApplication.CallHandlerExecutionStep.System.Web.HttpApplication.IExecutionStep.Execute()
   at System.Web.HttpApplication.ExecuteStep(IExecutionStep step, Boolean& completedSynchronously)


Time : 24/09/2017 11:34:13
IP : ::1
URL : http://localhost:5590/WebResource.axd?d=KXtDxn8o6ZQXnTS84tsqwhikvuVQa_Vdya1JFNgmzqeO_a-jvQuJ488R2U6Xcu8zhvRPV4bVEtJZoXtpmGMKvUk491SXokgT2M_BkTZp1EM1&t=636161092665894255
Message : This is an invalid webresource request.
Source : System.Web
TargetSite : Void System.Web.IHttpHandler.ProcessRequest(System.Web.HttpContext)
StackTrace :    at System.Web.Handlers.AssemblyResourceLoader.System.Web.IHttpHandler.ProcessRequest(HttpContext context)
   at System.Web.HttpApplication.CallHandlerExecutionStep.System.Web.HttpApplication.IExecutionStep.Execute()
   at System.Web.HttpApplication.ExecuteStep(IExecutionStep step, Boolean& completedSynchronously)


Time : 24/09/2017 11:34:14
IP : ::1
URL : http://localhost:5590/WebResource.axd?d=KXtDxn8o6ZQXnTS84tsqwhikvuVQa_Vdya1JFNgmzqeO_a-jvQuJ488R2U6Xcu8zhvRPV4bVEtJZoXtpmGMKvUk491SXokgT2M_BkTZp1EM1&t=636161092665894255
Message : This is an invalid webresource request.
Source : System.Web
TargetSite : Void System.Web.IHttpHandler.ProcessRequest(System.Web.HttpContext)
StackTrace :    at System.Web.Handlers.AssemblyResourceLoader.System.Web.IHttpHandler.ProcessRequest(HttpContext context)
   at System.Web.HttpApplication.CallHandlerExecutionStep.System.Web.HttpApplication.IExecutionStep.Execute()
   at System.Web.HttpApplication.ExecuteStep(IExecutionStep step, Boolean& completedSynchronously)


Time : 24/09/2017 02:52:36
IP : ::1
URL : http://localhost:5590/WebResource.axd?d=KXtDxn8o6ZQXnTS84tsqwhikvuVQa_Vdya1JFNgmzqeO_a-jvQuJ488R2U6Xcu8zhvRPV4bVEtJZoXtpmGMKvUk491SXokgT2M_BkTZp1EM1&t=636161092665894255
Message : This is an invalid webresource request.
Source : System.Web
TargetSite : Void System.Web.IHttpHandler.ProcessRequest(System.Web.HttpContext)
StackTrace :    at System.Web.Handlers.AssemblyResourceLoader.System.Web.IHttpHandler.ProcessRequest(HttpContext context)
   at System.Web.HttpApplication.CallHandlerExecutionStep.System.Web.HttpApplication.IExecutionStep.Execute()
   at System.Web.HttpApplication.ExecuteStep(IExecutionStep step, Boolean& completedSynchronously)


Time : 24/09/2017 02:52:41
IP : ::1
URL : http://localhost:5590/WebResource.axd?d=KXtDxn8o6ZQXnTS84tsqwhikvuVQa_Vdya1JFNgmzqeO_a-jvQuJ488R2U6Xcu8zhvRPV4bVEtJZoXtpmGMKvUk491SXokgT2M_BkTZp1EM1&t=636161092665894255
Message : This is an invalid webresource request.
Source : System.Web
TargetSite : Void System.Web.IHttpHandler.ProcessRequest(System.Web.HttpContext)
StackTrace :    at System.Web.Handlers.AssemblyResourceLoader.System.Web.IHttpHandler.ProcessRequest(HttpContext context)
   at System.Web.HttpApplication.CallHandlerExecutionStep.System.Web.HttpApplication.IExecutionStep.Execute()
   at System.Web.HttpApplication.ExecuteStep(IExecutionStep step, Boolean& completedSynchronously)


Time : 24/09/2017 03:05:02
IP : ::1
URL : http://localhost:5590/WebResource.axd?d=KXtDxn8o6ZQXnTS84tsqwhikvuVQa_Vdya1JFNgmzqeO_a-jvQuJ488R2U6Xcu8zhvRPV4bVEtJZoXtpmGMKvUk491SXokgT2M_BkTZp1EM1&t=636161092665894255
Message : This is an invalid webresource request.
Source : System.Web
TargetSite : Void System.Web.IHttpHandler.ProcessRequest(System.Web.HttpContext)
StackTrace :    at System.Web.Handlers.AssemblyResourceLoader.System.Web.IHttpHandler.ProcessRequest(HttpContext context)
   at System.Web.HttpApplication.CallHandlerExecutionStep.System.Web.HttpApplication.IExecutionStep.Execute()
   at System.Web.HttpApplication.ExecuteStep(IExecutionStep step, Boolean& completedSynchronously)


Time : 24/09/2017 03:05:02
IP : ::1
URL : http://localhost:5590/WebResource.axd?d=KXtDxn8o6ZQXnTS84tsqwhikvuVQa_Vdya1JFNgmzqeO_a-jvQuJ488R2U6Xcu8zhvRPV4bVEtJZoXtpmGMKvUk491SXokgT2M_BkTZp1EM1&t=636161092665894255
Message : This is an invalid webresource request.
Source : System.Web
TargetSite : Void System.Web.IHttpHandler.ProcessRequest(System.Web.HttpContext)
StackTrace :    at System.Web.Handlers.AssemblyResourceLoader.System.Web.IHttpHandler.ProcessRequest(HttpContext context)
   at System.Web.HttpApplication.CallHandlerExecutionStep.System.Web.HttpApplication.IExecutionStep.Execute()
   at System.Web.HttpApplication.ExecuteStep(IExecutionStep step, Boolean& completedSynchronously)


Time : 24/09/2017 05:25:10
IP : ::1
URL : http://localhost:5590/Default.aspx
Message : The file '~/Views//Index.ascx' not found
Source : HLv1.0.MVC.Core
TargetSite : Void phamlen_4(System.String)
StackTrace :    at HL.Core.MVC.ViewPageBase.phamlen_4(String string_4)
   at HL.Core.MVC.ViewPage.InitializeCulture()
   at ASP.default_aspx.__BuildControlTree(default_aspx __ctrl) in e:\JOB\ITT\01.CongTTDT\02.Source\HL.Website\Default.aspx:line 1
   at ASP.default_aspx.FrameworkInitialize() in c:\Users\AnhThem\AppData\Local\Temp\Temporary ASP.NET Files\vs\8dbc73cc\5e60487e\App_Web_default.aspx.cdcab7d2.8jcsut8x.0.cs:line 0
   at System.Web.UI.Page.ProcessRequest(Boolean includeStagesBeforeAsyncPoint, Boolean includeStagesAfterAsyncPoint)
   at System.Web.UI.Page.ProcessRequest()
   at System.Web.UI.Page.ProcessRequestWithNoAssert(HttpContext context)
   at System.Web.UI.Page.ProcessRequest(HttpContext context)
   at ASP.default_aspx.ProcessRequest(HttpContext context) in c:\Users\AnhThem\AppData\Local\Temp\Temporary ASP.NET Files\vs\8dbc73cc\5e60487e\App_Web_default.aspx.cdcab7d2.8jcsut8x.0.cs:line 0
   at System.Web.HttpApplication.CallHandlerExecutionStep.System.Web.HttpApplication.IExecutionStep.Execute()
   at System.Web.HttpApplication.ExecuteStep(IExecutionStep step, Boolean& completedSynchronously)


Time : 24/09/2017 05:25:17
IP : ::1
URL : http://localhost:5590/Default.aspx
Message : The file '~/Views//Index.ascx' not found
Source : HLv1.0.MVC.Core
TargetSite : Void phamlen_4(System.String)
StackTrace :    at HL.Core.MVC.ViewPageBase.phamlen_4(String string_4)
   at HL.Core.MVC.ViewPage.InitializeCulture()
   at ASP.default_aspx.__BuildControlTree(default_aspx __ctrl) in e:\JOB\ITT\01.CongTTDT\02.Source\HL.Website\Default.aspx:line 1
   at ASP.default_aspx.FrameworkInitialize() in c:\Users\AnhThem\AppData\Local\Temp\Temporary ASP.NET Files\vs\8dbc73cc\5e60487e\App_Web_default.aspx.cdcab7d2.8jcsut8x.0.cs:line 0
   at System.Web.UI.Page.ProcessRequest(Boolean includeStagesBeforeAsyncPoint, Boolean includeStagesAfterAsyncPoint)
   at System.Web.UI.Page.ProcessRequest()
   at System.Web.UI.Page.ProcessRequestWithNoAssert(HttpContext context)
   at System.Web.UI.Page.ProcessRequest(HttpContext context)
   at ASP.default_aspx.ProcessRequest(HttpContext context) in c:\Users\AnhThem\AppData\Local\Temp\Temporary ASP.NET Files\vs\8dbc73cc\5e60487e\App_Web_default.aspx.cdcab7d2.8jcsut8x.0.cs:line 0
   at System.Web.HttpApplication.CallHandlerExecutionStep.System.Web.HttpApplication.IExecutionStep.Execute()
   at System.Web.HttpApplication.ExecuteStep(IExecutionStep step, Boolean& completedSynchronously)


Time : 24/09/2017 05:26:05
IP : ::1
URL : http://localhost:5590/WebResource.axd?d=KXtDxn8o6ZQXnTS84tsqwhikvuVQa_Vdya1JFNgmzqeO_a-jvQuJ488R2U6Xcu8zhvRPV4bVEtJZoXtpmGMKvUk491SXokgT2M_BkTZp1EM1&t=636161092665894255
Message : This is an invalid webresource request.
Source : System.Web
TargetSite : Void System.Web.IHttpHandler.ProcessRequest(System.Web.HttpContext)
StackTrace :    at System.Web.Handlers.AssemblyResourceLoader.System.Web.IHttpHandler.ProcessRequest(HttpContext context)
   at System.Web.HttpApplication.CallHandlerExecutionStep.System.Web.HttpApplication.IExecutionStep.Execute()
   at System.Web.HttpApplication.ExecuteStep(IExecutionStep step, Boolean& completedSynchronously)


Time : 24/09/2017 05:26:06
IP : ::1
URL : http://localhost:5590/WebResource.axd?d=KXtDxn8o6ZQXnTS84tsqwhikvuVQa_Vdya1JFNgmzqeO_a-jvQuJ488R2U6Xcu8zhvRPV4bVEtJZoXtpmGMKvUk491SXokgT2M_BkTZp1EM1&t=636161092665894255
Message : This is an invalid webresource request.
Source : System.Web
TargetSite : Void System.Web.IHttpHandler.ProcessRequest(System.Web.HttpContext)
StackTrace :    at System.Web.Handlers.AssemblyResourceLoader.System.Web.IHttpHandler.ProcessRequest(HttpContext context)
   at System.Web.HttpApplication.CallHandlerExecutionStep.System.Web.HttpApplication.IExecutionStep.Execute()
   at System.Web.HttpApplication.ExecuteStep(IExecutionStep step, Boolean& completedSynchronously)


Time : 24/09/2017 05:31:52
IP : ::1
URL : http://localhost:5590/WebResource.axd?d=KXtDxn8o6ZQXnTS84tsqwhikvuVQa_Vdya1JFNgmzqeO_a-jvQuJ488R2U6Xcu8zhvRPV4bVEtJZoXtpmGMKvUk491SXokgT2M_BkTZp1EM1&t=636161092665894255
Message : This is an invalid webresource request.
Source : System.Web
TargetSite : Void System.Web.IHttpHandler.ProcessRequest(System.Web.HttpContext)
StackTrace :    at System.Web.Handlers.AssemblyResourceLoader.System.Web.IHttpHandler.ProcessRequest(HttpContext context)
   at System.Web.HttpApplication.CallHandlerExecutionStep.System.Web.HttpApplication.IExecutionStep.Execute()
   at System.Web.HttpApplication.ExecuteStep(IExecutionStep step, Boolean& completedSynchronously)


Time : 24/09/2017 05:31:53
IP : ::1
URL : http://localhost:5590/WebResource.axd?d=KXtDxn8o6ZQXnTS84tsqwhikvuVQa_Vdya1JFNgmzqeO_a-jvQuJ488R2U6Xcu8zhvRPV4bVEtJZoXtpmGMKvUk491SXokgT2M_BkTZp1EM1&t=636161092665894255
Message : This is an invalid webresource request.
Source : System.Web
TargetSite : Void System.Web.IHttpHandler.ProcessRequest(System.Web.HttpContext)
StackTrace :    at System.Web.Handlers.AssemblyResourceLoader.System.Web.IHttpHandler.ProcessRequest(HttpContext context)
   at System.Web.HttpApplication.CallHandlerExecutionStep.System.Web.HttpApplication.IExecutionStep.Execute()
   at System.Web.HttpApplication.ExecuteStep(IExecutionStep step, Boolean& completedSynchronously)


Time : 24/09/2017 05:43:28
IP : ::1
URL : http://localhost:5590/WebResource.axd?d=KXtDxn8o6ZQXnTS84tsqwhikvuVQa_Vdya1JFNgmzqeO_a-jvQuJ488R2U6Xcu8zhvRPV4bVEtJZoXtpmGMKvUk491SXokgT2M_BkTZp1EM1&t=636161092665894255
Message : This is an invalid webresource request.
Source : System.Web
TargetSite : Void System.Web.IHttpHandler.ProcessRequest(System.Web.HttpContext)
StackTrace :    at System.Web.Handlers.AssemblyResourceLoader.System.Web.IHttpHandler.ProcessRequest(HttpContext context)
   at System.Web.HttpApplication.CallHandlerExecutionStep.System.Web.HttpApplication.IExecutionStep.Execute()
   at System.Web.HttpApplication.ExecuteStep(IExecutionStep step, Boolean& completedSynchronously)


Time : 24/09/2017 05:43:29
IP : ::1
URL : http://localhost:5590/WebResource.axd?d=KXtDxn8o6ZQXnTS84tsqwhikvuVQa_Vdya1JFNgmzqeO_a-jvQuJ488R2U6Xcu8zhvRPV4bVEtJZoXtpmGMKvUk491SXokgT2M_BkTZp1EM1&t=636161092665894255
Message : This is an invalid webresource request.
Source : System.Web
TargetSite : Void System.Web.IHttpHandler.ProcessRequest(System.Web.HttpContext)
StackTrace :    at System.Web.Handlers.AssemblyResourceLoader.System.Web.IHttpHandler.ProcessRequest(HttpContext context)
   at System.Web.HttpApplication.CallHandlerExecutionStep.System.Web.HttpApplication.IExecutionStep.Execute()
   at System.Web.HttpApplication.ExecuteStep(IExecutionStep step, Boolean& completedSynchronously)


Time : 24/09/2017 05:47:07
IP : ::1
URL : http://localhost:5590/WebResource.axd?d=KXtDxn8o6ZQXnTS84tsqwhikvuVQa_Vdya1JFNgmzqeO_a-jvQuJ488R2U6Xcu8zhvRPV4bVEtJZoXtpmGMKvUk491SXokgT2M_BkTZp1EM1&t=636161092665894255
Message : This is an invalid webresource request.
Source : System.Web
TargetSite : Void System.Web.IHttpHandler.ProcessRequest(System.Web.HttpContext)
StackTrace :    at System.Web.Handlers.AssemblyResourceLoader.System.Web.IHttpHandler.ProcessRequest(HttpContext context)
   at System.Web.HttpApplication.CallHandlerExecutionStep.System.Web.HttpApplication.IExecutionStep.Execute()
   at System.Web.HttpApplication.ExecuteStep(IExecutionStep step, Boolean& completedSynchronously)


Time : 24/09/2017 05:47:08
IP : ::1
URL : http://localhost:5590/WebResource.axd?d=KXtDxn8o6ZQXnTS84tsqwhikvuVQa_Vdya1JFNgmzqeO_a-jvQuJ488R2U6Xcu8zhvRPV4bVEtJZoXtpmGMKvUk491SXokgT2M_BkTZp1EM1&t=636161092665894255
Message : This is an invalid webresource request.
Source : System.Web
TargetSite : Void System.Web.IHttpHandler.ProcessRequest(System.Web.HttpContext)
StackTrace :    at System.Web.Handlers.AssemblyResourceLoader.System.Web.IHttpHandler.ProcessRequest(HttpContext context)
   at System.Web.HttpApplication.CallHandlerExecutionStep.System.Web.HttpApplication.IExecutionStep.Execute()
   at System.Web.HttpApplication.ExecuteStep(IExecutionStep step, Boolean& completedSynchronously)


Time : 24/09/2017 05:55:07
IP : ::1
URL : http://localhost:5590/WebResource.axd?d=KXtDxn8o6ZQXnTS84tsqwhikvuVQa_Vdya1JFNgmzqeO_a-jvQuJ488R2U6Xcu8zhvRPV4bVEtJZoXtpmGMKvUk491SXokgT2M_BkTZp1EM1&t=636161092665894255
Message : This is an invalid webresource request.
Source : System.Web
TargetSite : Void System.Web.IHttpHandler.ProcessRequest(System.Web.HttpContext)
StackTrace :    at System.Web.Handlers.AssemblyResourceLoader.System.Web.IHttpHandler.ProcessRequest(HttpContext context)
   at System.Web.HttpApplication.CallHandlerExecutionStep.System.Web.HttpApplication.IExecutionStep.Execute()
   at System.Web.HttpApplication.ExecuteStep(IExecutionStep step, Boolean& completedSynchronously)


Time : 24/09/2017 05:55:07
IP : ::1
URL : http://localhost:5590/WebResource.axd?d=KXtDxn8o6ZQXnTS84tsqwhikvuVQa_Vdya1JFNgmzqeO_a-jvQuJ488R2U6Xcu8zhvRPV4bVEtJZoXtpmGMKvUk491SXokgT2M_BkTZp1EM1&t=636161092665894255
Message : This is an invalid webresource request.
Source : System.Web
TargetSite : Void System.Web.IHttpHandler.ProcessRequest(System.Web.HttpContext)
StackTrace :    at System.Web.Handlers.AssemblyResourceLoader.System.Web.IHttpHandler.ProcessRequest(HttpContext context)
   at System.Web.HttpApplication.CallHandlerExecutionStep.System.Web.HttpApplication.IExecutionStep.Execute()
   at System.Web.HttpApplication.ExecuteStep(IExecutionStep step, Boolean& completedSynchronously)


Time : 24/09/2017 05:55:29
IP : ::1
URL : http://localhost:5590/WebResource.axd?d=KXtDxn8o6ZQXnTS84tsqwhikvuVQa_Vdya1JFNgmzqeO_a-jvQuJ488R2U6Xcu8zhvRPV4bVEtJZoXtpmGMKvUk491SXokgT2M_BkTZp1EM1&t=636161092665894255
Message : This is an invalid webresource request.
Source : System.Web
TargetSite : Void System.Web.IHttpHandler.ProcessRequest(System.Web.HttpContext)
StackTrace :    at System.Web.Handlers.AssemblyResourceLoader.System.Web.IHttpHandler.ProcessRequest(HttpContext context)
   at System.Web.HttpApplication.CallHandlerExecutionStep.System.Web.HttpApplication.IExecutionStep.Execute()
   at System.Web.HttpApplication.ExecuteStep(IExecutionStep step, Boolean& completedSynchronously)


Time : 24/09/2017 05:55:30
IP : ::1
URL : http://localhost:5590/WebResource.axd?d=KXtDxn8o6ZQXnTS84tsqwhikvuVQa_Vdya1JFNgmzqeO_a-jvQuJ488R2U6Xcu8zhvRPV4bVEtJZoXtpmGMKvUk491SXokgT2M_BkTZp1EM1&t=636161092665894255
Message : This is an invalid webresource request.
Source : System.Web
TargetSite : Void System.Web.IHttpHandler.ProcessRequest(System.Web.HttpContext)
StackTrace :    at System.Web.Handlers.AssemblyResourceLoader.System.Web.IHttpHandler.ProcessRequest(HttpContext context)
   at System.Web.HttpApplication.CallHandlerExecutionStep.System.Web.HttpApplication.IExecutionStep.Execute()
   at System.Web.HttpApplication.ExecuteStep(IExecutionStep step, Boolean& completedSynchronously)


Time : 24/09/2017 05:56:13
IP : ::1
URL : http://localhost:5590/WebResource.axd?d=KXtDxn8o6ZQXnTS84tsqwhikvuVQa_Vdya1JFNgmzqeO_a-jvQuJ488R2U6Xcu8zhvRPV4bVEtJZoXtpmGMKvUk491SXokgT2M_BkTZp1EM1&t=636161092665894255
Message : This is an invalid webresource request.
Source : System.Web
TargetSite : Void System.Web.IHttpHandler.ProcessRequest(System.Web.HttpContext)
StackTrace :    at System.Web.Handlers.AssemblyResourceLoader.System.Web.IHttpHandler.ProcessRequest(HttpContext context)
   at System.Web.HttpApplication.CallHandlerExecutionStep.System.Web.HttpApplication.IExecutionStep.Execute()
   at System.Web.HttpApplication.ExecuteStep(IExecutionStep step, Boolean& completedSynchronously)


Time : 24/09/2017 05:56:14
IP : ::1
URL : http://localhost:5590/WebResource.axd?d=KXtDxn8o6ZQXnTS84tsqwhikvuVQa_Vdya1JFNgmzqeO_a-jvQuJ488R2U6Xcu8zhvRPV4bVEtJZoXtpmGMKvUk491SXokgT2M_BkTZp1EM1&t=636161092665894255
Message : This is an invalid webresource request.
Source : System.Web
TargetSite : Void System.Web.IHttpHandler.ProcessRequest(System.Web.HttpContext)
StackTrace :    at System.Web.Handlers.AssemblyResourceLoader.System.Web.IHttpHandler.ProcessRequest(HttpContext context)
   at System.Web.HttpApplication.CallHandlerExecutionStep.System.Web.HttpApplication.IExecutionStep.Execute()
   at System.Web.HttpApplication.ExecuteStep(IExecutionStep step, Boolean& completedSynchronously)


Time : 24/09/2017 06:01:55
IP : ::1
URL : http://localhost:5590/WebResource.axd?d=KXtDxn8o6ZQXnTS84tsqwhikvuVQa_Vdya1JFNgmzqeO_a-jvQuJ488R2U6Xcu8zhvRPV4bVEtJZoXtpmGMKvUk491SXokgT2M_BkTZp1EM1&t=636161092665894255
Message : This is an invalid webresource request.
Source : System.Web
TargetSite : Void System.Web.IHttpHandler.ProcessRequest(System.Web.HttpContext)
StackTrace :    at System.Web.Handlers.AssemblyResourceLoader.System.Web.IHttpHandler.ProcessRequest(HttpContext context)
   at System.Web.HttpApplication.CallHandlerExecutionStep.System.Web.HttpApplication.IExecutionStep.Execute()
   at System.Web.HttpApplication.ExecuteStep(IExecutionStep step, Boolean& completedSynchronously)


Time : 24/09/2017 06:01:56
IP : ::1
URL : http://localhost:5590/WebResource.axd?d=KXtDxn8o6ZQXnTS84tsqwhikvuVQa_Vdya1JFNgmzqeO_a-jvQuJ488R2U6Xcu8zhvRPV4bVEtJZoXtpmGMKvUk491SXokgT2M_BkTZp1EM1&t=636161092665894255
Message : This is an invalid webresource request.
Source : System.Web
TargetSite : Void System.Web.IHttpHandler.ProcessRequest(System.Web.HttpContext)
StackTrace :    at System.Web.Handlers.AssemblyResourceLoader.System.Web.IHttpHandler.ProcessRequest(HttpContext context)
   at System.Web.HttpApplication.CallHandlerExecutionStep.System.Web.HttpApplication.IExecutionStep.Execute()
   at System.Web.HttpApplication.ExecuteStep(IExecutionStep step, Boolean& completedSynchronously)


Time : 24/09/2017 06:02:24
IP : ::1
URL : http://localhost:5590/WebResource.axd?d=KXtDxn8o6ZQXnTS84tsqwhikvuVQa_Vdya1JFNgmzqeO_a-jvQuJ488R2U6Xcu8zhvRPV4bVEtJZoXtpmGMKvUk491SXokgT2M_BkTZp1EM1&t=636161092665894255
Message : This is an invalid webresource request.
Source : System.Web
TargetSite : Void System.Web.IHttpHandler.ProcessRequest(System.Web.HttpContext)
StackTrace :    at System.Web.Handlers.AssemblyResourceLoader.System.Web.IHttpHandler.ProcessRequest(HttpContext context)
   at System.Web.HttpApplication.CallHandlerExecutionStep.System.Web.HttpApplication.IExecutionStep.Execute()
   at System.Web.HttpApplication.ExecuteStep(IExecutionStep step, Boolean& completedSynchronously)


Time : 24/09/2017 06:02:25
IP : ::1
URL : http://localhost:5590/WebResource.axd?d=KXtDxn8o6ZQXnTS84tsqwhikvuVQa_Vdya1JFNgmzqeO_a-jvQuJ488R2U6Xcu8zhvRPV4bVEtJZoXtpmGMKvUk491SXokgT2M_BkTZp1EM1&t=636161092665894255
Message : This is an invalid webresource request.
Source : System.Web
TargetSite : Void System.Web.IHttpHandler.ProcessRequest(System.Web.HttpContext)
StackTrace :    at System.Web.Handlers.AssemblyResourceLoader.System.Web.IHttpHandler.ProcessRequest(HttpContext context)
   at System.Web.HttpApplication.CallHandlerExecutionStep.System.Web.HttpApplication.IExecutionStep.Execute()
   at System.Web.HttpApplication.ExecuteStep(IExecutionStep step, Boolean& completedSynchronously)


Time : 24/09/2017 06:02:44
IP : ::1
URL : http://localhost:5590/WebResource.axd?d=KXtDxn8o6ZQXnTS84tsqwhikvuVQa_Vdya1JFNgmzqeO_a-jvQuJ488R2U6Xcu8zhvRPV4bVEtJZoXtpmGMKvUk491SXokgT2M_BkTZp1EM1&t=636161092665894255
Message : This is an invalid webresource request.
Source : System.Web
TargetSite : Void System.Web.IHttpHandler.ProcessRequest(System.Web.HttpContext)
StackTrace :    at System.Web.Handlers.AssemblyResourceLoader.System.Web.IHttpHandler.ProcessRequest(HttpContext context)
   at System.Web.HttpApplication.CallHandlerExecutionStep.System.Web.HttpApplication.IExecutionStep.Execute()
   at System.Web.HttpApplication.ExecuteStep(IExecutionStep step, Boolean& completedSynchronously)


Time : 24/09/2017 06:02:46
IP : ::1
URL : http://localhost:5590/WebResource.axd?d=KXtDxn8o6ZQXnTS84tsqwhikvuVQa_Vdya1JFNgmzqeO_a-jvQuJ488R2U6Xcu8zhvRPV4bVEtJZoXtpmGMKvUk491SXokgT2M_BkTZp1EM1&t=636161092665894255
Message : This is an invalid webresource request.
Source : System.Web
TargetSite : Void System.Web.IHttpHandler.ProcessRequest(System.Web.HttpContext)
StackTrace :    at System.Web.Handlers.AssemblyResourceLoader.System.Web.IHttpHandler.ProcessRequest(HttpContext context)
   at System.Web.HttpApplication.CallHandlerExecutionStep.System.Web.HttpApplication.IExecutionStep.Execute()
   at System.Web.HttpApplication.ExecuteStep(IExecutionStep step, Boolean& completedSynchronously)


Time : 24/09/2017 07:47:18
IP : ::1
URL : http://localhost:5590/WebResource.axd?d=KXtDxn8o6ZQXnTS84tsqwhikvuVQa_Vdya1JFNgmzqeO_a-jvQuJ488R2U6Xcu8zhvRPV4bVEtJZoXtpmGMKvUk491SXokgT2M_BkTZp1EM1&t=636161092665894255
Message : This is an invalid webresource request.
Source : System.Web
TargetSite : Void System.Web.IHttpHandler.ProcessRequest(System.Web.HttpContext)
StackTrace :    at System.Web.Handlers.AssemblyResourceLoader.System.Web.IHttpHandler.ProcessRequest(HttpContext context)
   at System.Web.HttpApplication.CallHandlerExecutionStep.System.Web.HttpApplication.IExecutionStep.Execute()
   at System.Web.HttpApplication.ExecuteStep(IExecutionStep step, Boolean& completedSynchronously)


Time : 24/09/2017 07:47:19
IP : ::1
URL : http://localhost:5590/WebResource.axd?d=KXtDxn8o6ZQXnTS84tsqwhikvuVQa_Vdya1JFNgmzqeO_a-jvQuJ488R2U6Xcu8zhvRPV4bVEtJZoXtpmGMKvUk491SXokgT2M_BkTZp1EM1&t=636161092665894255
Message : This is an invalid webresource request.
Source : System.Web
TargetSite : Void System.Web.IHttpHandler.ProcessRequest(System.Web.HttpContext)
StackTrace :    at System.Web.Handlers.AssemblyResourceLoader.System.Web.IHttpHandler.ProcessRequest(HttpContext context)
   at System.Web.HttpApplication.CallHandlerExecutionStep.System.Web.HttpApplication.IExecutionStep.Execute()
   at System.Web.HttpApplication.ExecuteStep(IExecutionStep step, Boolean& completedSynchronously)


Time : 24/09/2017 08:50:33
IP : ::1
URL : http://localhost:5590/TTPortal/Default.aspx
Message : e:\JOB\ITT\01.CongTTDT\02.Source\HL.Website\TTPortal\Views\ModVanBan\Add.ascx(60): error CS1502: The best overloaded method match for 'HL.Lib.Global.Utils.ShowDDLMenuByType(string, int, int)' has some invalid arguments
Source : System.Web
TargetSite : System.CodeDom.Compiler.CompilerResults Compile()
StackTrace :    at System.Web.Compilation.AssemblyBuilder.Compile()
   at System.Web.Compilation.BuildProvidersCompiler.PerformBuild()
   at System.Web.Compilation.BuildManager.CompileWebFile(VirtualPath virtualPath)
   at System.Web.Compilation.BuildManager.GetVPathBuildResultInternal(VirtualPath virtualPath, Boolean noBuild, Boolean allowCrossApp, Boolean allowBuildInPrecompile, Boolean throwIfNotFound, Boolean ensureIsUpToDate)
   at System.Web.Compilation.BuildManager.GetVPathBuildResultWithNoAssert(HttpContext context, VirtualPath virtualPath, Boolean noBuild, Boolean allowCrossApp, Boolean allowBuildInPrecompile, Boolean throwIfNotFound, Boolean ensureIsUpToDate)
   at System.Web.UI.TemplateControl.LoadControl(VirtualPath virtualPath)
   at System.Web.UI.TemplateControl.LoadControl(String virtualPath)
   at HL.Core.MVC.ViewPageBase.phamlen_4(String string_4)
   at HL.Core.MVC.CPViewPage.OnLoad(EventArgs e)
   at System.Web.UI.Control.LoadRecursive()
   at System.Web.UI.Page.ProcessRequestMain(Boolean includeStagesBeforeAsyncPoint, Boolean includeStagesAfterAsyncPoint)
   at System.Web.UI.Page.ProcessRequest(Boolean includeStagesBeforeAsyncPoint, Boolean includeStagesAfterAsyncPoint)
   at System.Web.UI.Page.ProcessRequest()
   at System.Web.UI.Page.ProcessRequestWithNoAssert(HttpContext context)
   at System.Web.UI.Page.ProcessRequest(HttpContext context)
   at ASP.ttportal_default_aspx.ProcessRequest(HttpContext context) in c:\Users\AnhThem\AppData\Local\Temp\Temporary ASP.NET Files\vs\8dbc73cc\5e60487e\App_Web_default.aspx.227e41d1.lnzf3nr6.0.cs:line 0
   at System.Web.HttpApplication.CallHandlerExecutionStep.System.Web.HttpApplication.IExecutionStep.Execute()
   at System.Web.HttpApplication.ExecuteStep(IExecutionStep step, Boolean& completedSynchronously)


Time : 24/09/2017 08:51:27
IP : ::1
URL : http://localhost:5590/TTPortal/Default.aspx
Message : Value cannot be null.
Parameter name: String
Source : mscorlib
TargetSite : Void StringToNumber(System.String, System.Globalization.NumberStyles, NumberBuffer ByRef, System.Globalization.NumberFormatInfo, Boolean)
StackTrace :    at System.Number.StringToNumber(String str, NumberStyles options, NumberBuffer& number, NumberFormatInfo info, Boolean parseDecimal)
   at System.Number.ParseInt32(String s, NumberStyles style, NumberFormatInfo info)
   at System.Int32.Parse(String s)
   at ASP.ttportal_views_modvanban_add_ascx.__Render__control1(HtmlTextWriter __w, Control parameterContainer) in e:\JOB\ITT\01.CongTTDT\02.Source\HL.Website\TTPortal\Views\ModVanBan\Add.ascx:line 60
   at System.Web.UI.Control.RenderChildrenInternal(HtmlTextWriter writer, ICollection children)
   at System.Web.UI.Control.RenderChildren(HtmlTextWriter writer)
   at System.Web.UI.Control.Render(HtmlTextWriter writer)
   at System.Web.UI.Control.RenderControlInternal(HtmlTextWriter writer, ControlAdapter adapter)
   at System.Web.UI.Control.RenderControl(HtmlTextWriter writer, ControlAdapter adapter)
   at System.Web.UI.Control.RenderControl(HtmlTextWriter writer)
   at System.Web.UI.Control.RenderChildrenInternal(HtmlTextWriter writer, ICollection children)
   at System.Web.UI.Control.RenderChildren(HtmlTextWriter writer)
   at System.Web.UI.Control.Render(HtmlTextWriter writer)
   at System.Web.UI.Control.RenderControlInternal(HtmlTextWriter writer, ControlAdapter adapter)
   at System.Web.UI.Control.RenderControl(HtmlTextWriter writer, ControlAdapter adapter)
   at System.Web.UI.Control.RenderControl(HtmlTextWriter writer)
   at ASP.ttportal_views_shared_main_master.__RenderhlForm(HtmlTextWriter __w, Control parameterContainer) in e:\JOB\ITT\01.CongTTDT\02.Source\HL.Website\TTPortal\Views\Shared\Main.Master:line 73
   at System.Web.UI.Control.RenderChildrenInternal(HtmlTextWriter writer, ICollection children)
   at System.Web.UI.HtmlControls.HtmlForm.RenderChildren(HtmlTextWriter writer)
   at System.Web.UI.HtmlControls.HtmlContainerControl.Render(HtmlTextWriter writer)
   at System.Web.UI.HtmlControls.HtmlForm.Render(HtmlTextWriter output)
   at System.Web.UI.Control.RenderControlInternal(HtmlTextWriter writer, ControlAdapter adapter)
   at System.Web.UI.Control.RenderControl(HtmlTextWriter writer, ControlAdapter adapter)
   at System.Web.UI.HtmlControls.HtmlForm.RenderControl(HtmlTextWriter writer)
   at System.Web.UI.Control.RenderChildrenInternal(HtmlTextWriter writer, ICollection children)
   at System.Web.UI.Control.RenderChildren(HtmlTextWriter writer)
   at System.Web.UI.Control.Render(HtmlTextWriter writer)
   at System.Web.UI.Control.RenderControlInternal(HtmlTextWriter writer, ControlAdapter adapter)
   at System.Web.UI.Control.RenderControl(HtmlTextWriter writer, ControlAdapter adapter)
   at System.Web.UI.Control.RenderControl(HtmlTextWriter writer)
   at System.Web.UI.Control.RenderChildrenInternal(HtmlTextWriter writer, ICollection children)
   at System.Web.UI.Control.RenderChildren(HtmlTextWriter writer)
   at System.Web.UI.Page.Render(HtmlTextWriter writer)
   at HL.Core.MVC.ViewPageBase.Render(HtmlTextWriter writer)
   at System.Web.UI.Control.RenderControlInternal(HtmlTextWriter writer, ControlAdapter adapter)
   at System.Web.UI.Control.RenderControl(HtmlTextWriter writer, ControlAdapter adapter)
   at System.Web.UI.Control.RenderControl(HtmlTextWriter writer)
   at System.Web.UI.Page.ProcessRequestMain(Boolean includeStagesBeforeAsyncPoint, Boolean includeStagesAfterAsyncPoint)


Time : 29/09/2017 07:45:07
IP : ::1
URL : http://localhost:5590/WebResource.axd?d=KXtDxn8o6ZQXnTS84tsqwhikvuVQa_Vdya1JFNgmzqeO_a-jvQuJ488R2U6Xcu8zhvRPV4bVEtJZoXtpmGMKvUk491SXokgT2M_BkTZp1EM1&t=636161092665894255
Message : This is an invalid webresource request.
Source : System.Web
TargetSite : Void System.Web.IHttpHandler.ProcessRequest(System.Web.HttpContext)
StackTrace :    at System.Web.Handlers.AssemblyResourceLoader.System.Web.IHttpHandler.ProcessRequest(HttpContext context)
   at System.Web.HttpApplication.CallHandlerExecutionStep.System.Web.HttpApplication.IExecutionStep.Execute()
   at System.Web.HttpApplication.ExecuteStep(IExecutionStep step, Boolean& completedSynchronously)


Time : 29/09/2017 07:46:41
IP : ::1
URL : http://localhost:5590/WebResource.axd?d=KXtDxn8o6ZQXnTS84tsqwhikvuVQa_Vdya1JFNgmzqeO_a-jvQuJ488R2U6Xcu8zhvRPV4bVEtJZoXtpmGMKvUk491SXokgT2M_BkTZp1EM1&t=636161092665894255
Message : This is an invalid webresource request.
Source : System.Web
TargetSite : Void System.Web.IHttpHandler.ProcessRequest(System.Web.HttpContext)
StackTrace :    at System.Web.Handlers.AssemblyResourceLoader.System.Web.IHttpHandler.ProcessRequest(HttpContext context)
   at System.Web.HttpApplication.CallHandlerExecutionStep.System.Web.HttpApplication.IExecutionStep.Execute()
   at System.Web.HttpApplication.ExecuteStep(IExecutionStep step, Boolean& completedSynchronously)


Time : 29/09/2017 07:46:42
IP : ::1
URL : http://localhost:5590/WebResource.axd?d=KXtDxn8o6ZQXnTS84tsqwhikvuVQa_Vdya1JFNgmzqeO_a-jvQuJ488R2U6Xcu8zhvRPV4bVEtJZoXtpmGMKvUk491SXokgT2M_BkTZp1EM1&t=636161092665894255
Message : This is an invalid webresource request.
Source : System.Web
TargetSite : Void System.Web.IHttpHandler.ProcessRequest(System.Web.HttpContext)
StackTrace :    at System.Web.Handlers.AssemblyResourceLoader.System.Web.IHttpHandler.ProcessRequest(HttpContext context)
   at System.Web.HttpApplication.CallHandlerExecutionStep.System.Web.HttpApplication.IExecutionStep.Execute()
   at System.Web.HttpApplication.ExecuteStep(IExecutionStep step, Boolean& completedSynchronously)


Time : 29/09/2017 07:46:45
IP : ::1
URL : http://localhost:5590/WebResource.axd?d=KXtDxn8o6ZQXnTS84tsqwhikvuVQa_Vdya1JFNgmzqeO_a-jvQuJ488R2U6Xcu8zhvRPV4bVEtJZoXtpmGMKvUk491SXokgT2M_BkTZp1EM1&t=636161092665894255
Message : This is an invalid webresource request.
Source : System.Web
TargetSite : Void System.Web.IHttpHandler.ProcessRequest(System.Web.HttpContext)
StackTrace :    at System.Web.Handlers.AssemblyResourceLoader.System.Web.IHttpHandler.ProcessRequest(HttpContext context)
   at System.Web.HttpApplication.CallHandlerExecutionStep.System.Web.HttpApplication.IExecutionStep.Execute()
   at System.Web.HttpApplication.ExecuteStep(IExecutionStep step, Boolean& completedSynchronously)


Time : 29/09/2017 07:46:46
IP : ::1
URL : http://localhost:5590/WebResource.axd?d=KXtDxn8o6ZQXnTS84tsqwhikvuVQa_Vdya1JFNgmzqeO_a-jvQuJ488R2U6Xcu8zhvRPV4bVEtJZoXtpmGMKvUk491SXokgT2M_BkTZp1EM1&t=636161092665894255
Message : This is an invalid webresource request.
Source : System.Web
TargetSite : Void System.Web.IHttpHandler.ProcessRequest(System.Web.HttpContext)
StackTrace :    at System.Web.Handlers.AssemblyResourceLoader.System.Web.IHttpHandler.ProcessRequest(HttpContext context)
   at System.Web.HttpApplication.CallHandlerExecutionStep.System.Web.HttpApplication.IExecutionStep.Execute()
   at System.Web.HttpApplication.ExecuteStep(IExecutionStep step, Boolean& completedSynchronously)


Time : 30/09/2017 03:06:10
IP : ::1
URL : http://localhost:5590/WebResource.axd?d=KXtDxn8o6ZQXnTS84tsqwhikvuVQa_Vdya1JFNgmzqeO_a-jvQuJ488R2U6Xcu8zhvRPV4bVEtJZoXtpmGMKvUk491SXokgT2M_BkTZp1EM1&t=636161092665894255
Message : This is an invalid webresource request.
Source : System.Web
TargetSite : Void System.Web.IHttpHandler.ProcessRequest(System.Web.HttpContext)
StackTrace :    at System.Web.Handlers.AssemblyResourceLoader.System.Web.IHttpHandler.ProcessRequest(HttpContext context)
   at System.Web.HttpApplication.CallHandlerExecutionStep.System.Web.HttpApplication.IExecutionStep.Execute()
   at System.Web.HttpApplication.ExecuteStep(IExecutionStep step, Boolean& completedSynchronously)


Time : 30/09/2017 03:06:14
IP : ::1
URL : http://localhost:5590/WebResource.axd?d=KXtDxn8o6ZQXnTS84tsqwhikvuVQa_Vdya1JFNgmzqeO_a-jvQuJ488R2U6Xcu8zhvRPV4bVEtJZoXtpmGMKvUk491SXokgT2M_BkTZp1EM1&t=636161092665894255
Message : This is an invalid webresource request.
Source : System.Web
TargetSite : Void System.Web.IHttpHandler.ProcessRequest(System.Web.HttpContext)
StackTrace :    at System.Web.Handlers.AssemblyResourceLoader.System.Web.IHttpHandler.ProcessRequest(HttpContext context)
   at System.Web.HttpApplication.CallHandlerExecutionStep.System.Web.HttpApplication.IExecutionStep.Execute()
   at System.Web.HttpApplication.ExecuteStep(IExecutionStep step, Boolean& completedSynchronously)


Time : 30/09/2017 04:23:35
IP : ::1
URL : http://localhost:5590/TTPortal/Default.aspx
Message : Object reference not set to an instance of an object.
Source : HLv1.0.MVC.Lib
TargetSite : System.String ShowDDLMenuByType3(System.String, Int32, System.String)
StackTrace :    at HL.Lib.Global.Utils.ShowDDLMenuByType3(String type, Int32 langID, String selectIDs) in E:\JOB\ITT\01.CongTTDT\02.Source\HL.Lib\Global\Utils.cs:line 185
   at ASP.ttportal_views_modvanban_add_ascx.__Render__control1(HtmlTextWriter __w, Control parameterContainer) in e:\JOB\ITT\01.CongTTDT\02.Source\HL.Website\TTPortal\Views\ModVanBan\Add.ascx:line 76
   at System.Web.UI.Control.RenderChildrenInternal(HtmlTextWriter writer, ICollection children)
   at System.Web.UI.Control.RenderChildren(HtmlTextWriter writer)
   at System.Web.UI.Control.Render(HtmlTextWriter writer)
   at System.Web.UI.Control.RenderControlInternal(HtmlTextWriter writer, ControlAdapter adapter)
   at System.Web.UI.Control.RenderControl(HtmlTextWriter writer, ControlAdapter adapter)
   at System.Web.UI.Control.RenderControl(HtmlTextWriter writer)
   at System.Web.UI.Control.RenderChildrenInternal(HtmlTextWriter writer, ICollection children)
   at System.Web.UI.Control.RenderChildren(HtmlTextWriter writer)
   at System.Web.UI.Control.Render(HtmlTextWriter writer)
   at System.Web.UI.Control.RenderControlInternal(HtmlTextWriter writer, ControlAdapter adapter)
   at System.Web.UI.Control.RenderControl(HtmlTextWriter writer, ControlAdapter adapter)
   at System.Web.UI.Control.RenderControl(HtmlTextWriter writer)
   at ASP.ttportal_views_shared_main_master.__RenderhlForm(HtmlTextWriter __w, Control parameterContainer) in e:\JOB\ITT\01.CongTTDT\02.Source\HL.Website\TTPortal\Views\Shared\Main.Master:line 73
   at System.Web.UI.Control.RenderChildrenInternal(HtmlTextWriter writer, ICollection children)
   at System.Web.UI.HtmlControls.HtmlForm.RenderChildren(HtmlTextWriter writer)
   at System.Web.UI.HtmlControls.HtmlContainerControl.Render(HtmlTextWriter writer)
   at System.Web.UI.HtmlControls.HtmlForm.Render(HtmlTextWriter output)
   at System.Web.UI.Control.RenderControlInternal(HtmlTextWriter writer, ControlAdapter adapter)
   at System.Web.UI.Control.RenderControl(HtmlTextWriter writer, ControlAdapter adapter)
   at System.Web.UI.HtmlControls.HtmlForm.RenderControl(HtmlTextWriter writer)
   at System.Web.UI.Control.RenderChildrenInternal(HtmlTextWriter writer, ICollection children)
   at System.Web.UI.Control.RenderChildren(HtmlTextWriter writer)
   at System.Web.UI.Control.Render(HtmlTextWriter writer)
   at System.Web.UI.Control.RenderControlInternal(HtmlTextWriter writer, ControlAdapter adapter)
   at System.Web.UI.Control.RenderControl(HtmlTextWriter writer, ControlAdapter adapter)
   at System.Web.UI.Control.RenderControl(HtmlTextWriter writer)
   at System.Web.UI.Control.RenderChildrenInternal(HtmlTextWriter writer, ICollection children)
   at System.Web.UI.Control.RenderChildren(HtmlTextWriter writer)
   at System.Web.UI.Page.Render(HtmlTextWriter writer)
   at HL.Core.MVC.ViewPageBase.Render(HtmlTextWriter writer)
   at System.Web.UI.Control.RenderControlInternal(HtmlTextWriter writer, ControlAdapter adapter)
   at System.Web.UI.Control.RenderControl(HtmlTextWriter writer, ControlAdapter adapter)
   at System.Web.UI.Control.RenderControl(HtmlTextWriter writer)
   at System.Web.UI.Page.ProcessRequestMain(Boolean includeStagesBeforeAsyncPoint, Boolean includeStagesAfterAsyncPoint)


Time : 30/09/2017 04:27:58
IP : ::1
URL : http://localhost:5590/TTPortal/Default.aspx
Message : Object reference not set to an instance of an object.
Source : HLv1.0.MVC.Lib
TargetSite : System.String ShowDDLMenuByType3(System.String, Int32, System.String)
StackTrace :    at HL.Lib.Global.Utils.ShowDDLMenuByType3(String type, Int32 langID, String selectIDs) in E:\JOB\ITT\01.CongTTDT\02.Source\HL.Lib\Global\Utils.cs:line 185
   at ASP.ttportal_views_modvanban_add_ascx.__Render__control1(HtmlTextWriter __w, Control parameterContainer) in e:\JOB\ITT\01.CongTTDT\02.Source\HL.Website\TTPortal\Views\ModVanBan\Add.ascx:line 76
   at System.Web.UI.Control.RenderChildrenInternal(HtmlTextWriter writer, ICollection children)
   at System.Web.UI.Control.RenderChildren(HtmlTextWriter writer)
   at System.Web.UI.Control.Render(HtmlTextWriter writer)
   at System.Web.UI.Control.RenderControlInternal(HtmlTextWriter writer, ControlAdapter adapter)
   at System.Web.UI.Control.RenderControl(HtmlTextWriter writer, ControlAdapter adapter)
   at System.Web.UI.Control.RenderControl(HtmlTextWriter writer)
   at System.Web.UI.Control.RenderChildrenInternal(HtmlTextWriter writer, ICollection children)
   at System.Web.UI.Control.RenderChildren(HtmlTextWriter writer)
   at System.Web.UI.Control.Render(HtmlTextWriter writer)
   at System.Web.UI.Control.RenderControlInternal(HtmlTextWriter writer, ControlAdapter adapter)
   at System.Web.UI.Control.RenderControl(HtmlTextWriter writer, ControlAdapter adapter)
   at System.Web.UI.Control.RenderControl(HtmlTextWriter writer)
   at ASP.ttportal_views_shared_main_master.__RenderhlForm(HtmlTextWriter __w, Control parameterContainer) in e:\JOB\ITT\01.CongTTDT\02.Source\HL.Website\TTPortal\Views\Shared\Main.Master:line 73
   at System.Web.UI.Control.RenderChildrenInternal(HtmlTextWriter writer, ICollection children)
   at System.Web.UI.HtmlControls.HtmlForm.RenderChildren(HtmlTextWriter writer)
   at System.Web.UI.HtmlControls.HtmlContainerControl.Render(HtmlTextWriter writer)
   at System.Web.UI.HtmlControls.HtmlForm.Render(HtmlTextWriter output)
   at System.Web.UI.Control.RenderControlInternal(HtmlTextWriter writer, ControlAdapter adapter)
   at System.Web.UI.Control.RenderControl(HtmlTextWriter writer, ControlAdapter adapter)
   at System.Web.UI.HtmlControls.HtmlForm.RenderControl(HtmlTextWriter writer)
   at System.Web.UI.Control.RenderChildrenInternal(HtmlTextWriter writer, ICollection children)
   at System.Web.UI.Control.RenderChildren(HtmlTextWriter writer)
   at System.Web.UI.Control.Render(HtmlTextWriter writer)
   at System.Web.UI.Control.RenderControlInternal(HtmlTextWriter writer, ControlAdapter adapter)
   at System.Web.UI.Control.RenderControl(HtmlTextWriter writer, ControlAdapter adapter)
   at System.Web.UI.Control.RenderControl(HtmlTextWriter writer)
   at System.Web.UI.Control.RenderChildrenInternal(HtmlTextWriter writer, ICollection children)
   at System.Web.UI.Control.RenderChildren(HtmlTextWriter writer)
   at System.Web.UI.Page.Render(HtmlTextWriter writer)
   at HL.Core.MVC.ViewPageBase.Render(HtmlTextWriter writer)
   at System.Web.UI.Control.RenderControlInternal(HtmlTextWriter writer, ControlAdapter adapter)
   at System.Web.UI.Control.RenderControl(HtmlTextWriter writer, ControlAdapter adapter)
   at System.Web.UI.Control.RenderControl(HtmlTextWriter writer)
   at System.Web.UI.Page.ProcessRequestMain(Boolean includeStagesBeforeAsyncPoint, Boolean includeStagesAfterAsyncPoint)


Time : 30/09/2017 05:00:09
IP : ::1
URL : http://localhost:5590/WebResource.axd?d=KXtDxn8o6ZQXnTS84tsqwhikvuVQa_Vdya1JFNgmzqeO_a-jvQuJ488R2U6Xcu8zhvRPV4bVEtJZoXtpmGMKvUk491SXokgT2M_BkTZp1EM1&t=636161092665894255
Message : This is an invalid webresource request.
Source : System.Web
TargetSite : Void System.Web.IHttpHandler.ProcessRequest(System.Web.HttpContext)
StackTrace :    at System.Web.Handlers.AssemblyResourceLoader.System.Web.IHttpHandler.ProcessRequest(HttpContext context)
   at System.Web.HttpApplication.CallHandlerExecutionStep.System.Web.HttpApplication.IExecutionStep.Execute()
   at System.Web.HttpApplication.ExecuteStep(IExecutionStep step, Boolean& completedSynchronously)


Time : 30/09/2017 05:00:10
IP : ::1
URL : http://localhost:5590/WebResource.axd?d=KXtDxn8o6ZQXnTS84tsqwhikvuVQa_Vdya1JFNgmzqeO_a-jvQuJ488R2U6Xcu8zhvRPV4bVEtJZoXtpmGMKvUk491SXokgT2M_BkTZp1EM1&t=636161092665894255
Message : This is an invalid webresource request.
Source : System.Web
TargetSite : Void System.Web.IHttpHandler.ProcessRequest(System.Web.HttpContext)
StackTrace :    at System.Web.Handlers.AssemblyResourceLoader.System.Web.IHttpHandler.ProcessRequest(HttpContext context)
   at System.Web.HttpApplication.CallHandlerExecutionStep.System.Web.HttpApplication.IExecutionStep.Execute()
   at System.Web.HttpApplication.ExecuteStep(IExecutionStep step, Boolean& completedSynchronously)


Time : 30/09/2017 05:32:46
IP : ::1
URL : http://localhost:5590/TTPortal/Default.aspx
Message : Exception has been thrown by the target of an invocation.
Source : mscorlib
TargetSite : System.Object InvokeMethod(System.Object, System.Object[], System.Signature, Boolean)
StackTrace :    at System.RuntimeMethodHandle.InvokeMethod(Object target, Object[] arguments, Signature sig, Boolean constructor)
   at System.Reflection.RuntimeMethodInfo.UnsafeInvokeInternal(Object obj, Object[] parameters, Object[] arguments)
   at System.Reflection.RuntimeMethodInfo.Invoke(Object obj, BindingFlags invokeAttr, Binder binder, Object[] parameters, CultureInfo culture)
   at System.RuntimeType.InvokeMember(String name, BindingFlags bindingFlags, Binder binder, Object target, Object[] providedArgs, ParameterModifier[] modifiers, CultureInfo culture, String[] namedParams)
   at System.Type.InvokeMember(String name, BindingFlags invokeAttr, Binder binder, Object target, Object[] args, CultureInfo culture)
   at HL.Core.Global.Class.CallMethod(String phamlen_name, Object[] args)
   at ns7.Class25.sphamlen_2(ViewPageBase viewPageBase_0, Controller controller_0, Class class_0, String string_0)
   at ns7.Class25.sphamlen_1(ViewPageBase viewPageBase_0, Controller controller_0, Class class_0, String string_0, String string_1)
   at HL.Core.MVC.ViewPageBase.phamlen_2(Boolean bool_1)
   at HL.Core.MVC.XViewPage.OnPreRender(EventArgs e)
   at System.Web.UI.Control.PreRenderRecursiveInternal()
   at System.Web.UI.Page.ProcessRequestMain(Boolean includeStagesBeforeAsyncPoint, Boolean includeStagesAfterAsyncPoint)


Time : 30/09/2017 05:35:10
IP : ::1
URL : http://localhost:5590/TTPortal/Default.aspx
Message : Exception has been thrown by the target of an invocation.
Source : mscorlib
TargetSite : System.Object InvokeMethod(System.Object, System.Object[], System.Signature, Boolean)
StackTrace :    at System.RuntimeMethodHandle.InvokeMethod(Object target, Object[] arguments, Signature sig, Boolean constructor)
   at System.Reflection.RuntimeMethodInfo.UnsafeInvokeInternal(Object obj, Object[] parameters, Object[] arguments)
   at System.Reflection.RuntimeMethodInfo.Invoke(Object obj, BindingFlags invokeAttr, Binder binder, Object[] parameters, CultureInfo culture)
   at System.RuntimeType.InvokeMember(String name, BindingFlags bindingFlags, Binder binder, Object target, Object[] providedArgs, ParameterModifier[] modifiers, CultureInfo culture, String[] namedParams)
   at System.Type.InvokeMember(String name, BindingFlags invokeAttr, Binder binder, Object target, Object[] args, CultureInfo culture)
   at HL.Core.Global.Class.CallMethod(String phamlen_name, Object[] args)
   at ns7.Class25.sphamlen_2(ViewPageBase viewPageBase_0, Controller controller_0, Class class_0, String string_0)
   at ns7.Class25.sphamlen_1(ViewPageBase viewPageBase_0, Controller controller_0, Class class_0, String string_0, String string_1)
   at HL.Core.MVC.ViewPageBase.phamlen_2(Boolean bool_1)
   at HL.Core.MVC.XViewPage.OnPreRender(EventArgs e)
   at System.Web.UI.Control.PreRenderRecursiveInternal()
   at System.Web.UI.Page.ProcessRequestMain(Boolean includeStagesBeforeAsyncPoint, Boolean includeStagesAfterAsyncPoint)


Time : 30/09/2017 07:27:10
IP : ::1
URL : http://localhost:5590/TTPortal/Default.aspx
Message : Incorrect syntax near 'Xun'.
SQLText : SELECT * FROM [Mod_User] WHERE ([ID] IN (Nguyn Xun Phc))
SQLParameters : 
Source : HLv1.0.MVC.Core
TargetSite : System.Data.DataSet ExecuteDataSet(System.String, System.String, System.Object[])
StackTrace :    at HL.Core.Data.SQLCmd.ExecuteDataSet(String ConnectionString, String SPName, Object[] Params)
   at HL.Core.Data.SQLCmd.ExecuteDataTable(String ConnectionString, String SPName, Object[] Params)
   at HL.Core.Models.ServiceBase`1.ExecuteDataTable(String SPName, Object[] Params)
   at HL.Core.Models.DBQuery`1.ToList()
   at ASP.ttportal_views_modvanban_add_ascx.__Render__control1(HtmlTextWriter __w, Control parameterContainer) in e:\JOB\ITT\01.CongTTDT\02.Source\HL.Website\TTPortal\Views\ModVanBan\Add.ascx:line 109
   at System.Web.UI.Control.RenderChildrenInternal(HtmlTextWriter writer, ICollection children)
   at System.Web.UI.Control.RenderChildren(HtmlTextWriter writer)
   at System.Web.UI.Control.Render(HtmlTextWriter writer)
   at System.Web.UI.Control.RenderControlInternal(HtmlTextWriter writer, ControlAdapter adapter)
   at System.Web.UI.Control.RenderControl(HtmlTextWriter writer, ControlAdapter adapter)
   at System.Web.UI.Control.RenderControl(HtmlTextWriter writer)
   at System.Web.UI.Control.RenderChildrenInternal(HtmlTextWriter writer, ICollection children)
   at System.Web.UI.Control.RenderChildren(HtmlTextWriter writer)
   at System.Web.UI.Control.Render(HtmlTextWriter writer)
   at System.Web.UI.Control.RenderControlInternal(HtmlTextWriter writer, ControlAdapter adapter)
   at System.Web.UI.Control.RenderControl(HtmlTextWriter writer, ControlAdapter adapter)
   at System.Web.UI.Control.RenderControl(HtmlTextWriter writer)
   at ASP.ttportal_views_shared_main_master.__RenderhlForm(HtmlTextWriter __w, Control parameterContainer) in e:\JOB\ITT\01.CongTTDT\02.Source\HL.Website\TTPortal\Views\Shared\Main.Master:line 73
   at System.Web.UI.Control.RenderChildrenInternal(HtmlTextWriter writer, ICollection children)
   at System.Web.UI.HtmlControls.HtmlForm.RenderChildren(HtmlTextWriter writer)
   at System.Web.UI.HtmlControls.HtmlContainerControl.Render(HtmlTextWriter writer)
   at System.Web.UI.HtmlControls.HtmlForm.Render(HtmlTextWriter output)
   at System.Web.UI.Control.RenderControlInternal(HtmlTextWriter writer, ControlAdapter adapter)
   at System.Web.UI.Control.RenderControl(HtmlTextWriter writer, ControlAdapter adapter)
   at System.Web.UI.HtmlControls.HtmlForm.RenderControl(HtmlTextWriter writer)
   at System.Web.UI.Control.RenderChildrenInternal(HtmlTextWriter writer, ICollection children)
   at System.Web.UI.Control.RenderChildren(HtmlTextWriter writer)
   at System.Web.UI.Control.Render(HtmlTextWriter writer)
   at System.Web.UI.Control.RenderControlInternal(HtmlTextWriter writer, ControlAdapter adapter)
   at System.Web.UI.Control.RenderControl(HtmlTextWriter writer, ControlAdapter adapter)
   at System.Web.UI.Control.RenderControl(HtmlTextWriter writer)
   at System.Web.UI.Control.RenderChildrenInternal(HtmlTextWriter writer, ICollection children)
   at System.Web.UI.Control.RenderChildren(HtmlTextWriter writer)
   at System.Web.UI.Page.Render(HtmlTextWriter writer)
   at HL.Core.MVC.ViewPageBase.Render(HtmlTextWriter writer)
   at System.Web.UI.Control.RenderControlInternal(HtmlTextWriter writer, ControlAdapter adapter)
   at System.Web.UI.Control.RenderControl(HtmlTextWriter writer, ControlAdapter adapter)
   at System.Web.UI.Control.RenderControl(HtmlTextWriter writer)
   at System.Web.UI.Page.ProcessRequestMain(Boolean includeStagesBeforeAsyncPoint, Boolean includeStagesAfterAsyncPoint)


Time : 30/09/2017 07:27:18
IP : ::1
URL : http://localhost:5590/TTPortal/Default.aspx
Message : Incorrect syntax near 'Xun'.
SQLText : SELECT * FROM [Mod_User] WHERE ([ID] IN (Nguyn Xun Phc))
SQLParameters : 
Source : HLv1.0.MVC.Core
TargetSite : System.Data.DataSet ExecuteDataSet(System.String, System.String, System.Object[])
StackTrace :    at HL.Core.Data.SQLCmd.ExecuteDataSet(String ConnectionString, String SPName, Object[] Params)
   at HL.Core.Data.SQLCmd.ExecuteDataTable(String ConnectionString, String SPName, Object[] Params)
   at HL.Core.Models.ServiceBase`1.ExecuteDataTable(String SPName, Object[] Params)
   at HL.Core.Models.DBQuery`1.ToList()
   at ASP.ttportal_views_modvanban_add_ascx.__Render__control1(HtmlTextWriter __w, Control parameterContainer) in e:\JOB\ITT\01.CongTTDT\02.Source\HL.Website\TTPortal\Views\ModVanBan\Add.ascx:line 109
   at System.Web.UI.Control.RenderChildrenInternal(HtmlTextWriter writer, ICollection children)
   at System.Web.UI.Control.RenderChildren(HtmlTextWriter writer)
   at System.Web.UI.Control.Render(HtmlTextWriter writer)
   at System.Web.UI.Control.RenderControlInternal(HtmlTextWriter writer, ControlAdapter adapter)
   at System.Web.UI.Control.RenderControl(HtmlTextWriter writer, ControlAdapter adapter)
   at System.Web.UI.Control.RenderControl(HtmlTextWriter writer)
   at System.Web.UI.Control.RenderChildrenInternal(HtmlTextWriter writer, ICollection children)
   at System.Web.UI.Control.RenderChildren(HtmlTextWriter writer)
   at System.Web.UI.Control.Render(HtmlTextWriter writer)
   at System.Web.UI.Control.RenderControlInternal(HtmlTextWriter writer, ControlAdapter adapter)
   at System.Web.UI.Control.RenderControl(HtmlTextWriter writer, ControlAdapter adapter)
   at System.Web.UI.Control.RenderControl(HtmlTextWriter writer)
   at ASP.ttportal_views_shared_main_master.__RenderhlForm(HtmlTextWriter __w, Control parameterContainer) in e:\JOB\ITT\01.CongTTDT\02.Source\HL.Website\TTPortal\Views\Shared\Main.Master:line 73
   at System.Web.UI.Control.RenderChildrenInternal(HtmlTextWriter writer, ICollection children)
   at System.Web.UI.HtmlControls.HtmlForm.RenderChildren(HtmlTextWriter writer)
   at System.Web.UI.HtmlControls.HtmlContainerControl.Render(HtmlTextWriter writer)
   at System.Web.UI.HtmlControls.HtmlForm.Render(HtmlTextWriter output)
   at System.Web.UI.Control.RenderControlInternal(HtmlTextWriter writer, ControlAdapter adapter)
   at System.Web.UI.Control.RenderControl(HtmlTextWriter writer, ControlAdapter adapter)
   at System.Web.UI.HtmlControls.HtmlForm.RenderControl(HtmlTextWriter writer)
   at System.Web.UI.Control.RenderChildrenInternal(HtmlTextWriter writer, ICollection children)
   at System.Web.UI.Control.RenderChildren(HtmlTextWriter writer)
   at System.Web.UI.Control.Render(HtmlTextWriter writer)
   at System.Web.UI.Control.RenderControlInternal(HtmlTextWriter writer, ControlAdapter adapter)
   at System.Web.UI.Control.RenderControl(HtmlTextWriter writer, ControlAdapter adapter)
   at System.Web.UI.Control.RenderControl(HtmlTextWriter writer)
   at System.Web.UI.Control.RenderChildrenInternal(HtmlTextWriter writer, ICollection children)
   at System.Web.UI.Control.RenderChildren(HtmlTextWriter writer)
   at System.Web.UI.Page.Render(HtmlTextWriter writer)
   at HL.Core.MVC.ViewPageBase.Render(HtmlTextWriter writer)
   at System.Web.UI.Control.RenderControlInternal(HtmlTextWriter writer, ControlAdapter adapter)
   at System.Web.UI.Control.RenderControl(HtmlTextWriter writer, ControlAdapter adapter)
   at System.Web.UI.Control.RenderControl(HtmlTextWriter writer)
   at System.Web.UI.Page.ProcessRequestMain(Boolean includeStagesBeforeAsyncPoint, Boolean includeStagesAfterAsyncPoint)


Time : 30/09/2017 08:20:05
IP : ::1
URL : http://localhost:5590/WebResource.axd?d=KXtDxn8o6ZQXnTS84tsqwhikvuVQa_Vdya1JFNgmzqeO_a-jvQuJ488R2U6Xcu8zhvRPV4bVEtJZoXtpmGMKvUk491SXokgT2M_BkTZp1EM1&t=636161092665894255
Message : This is an invalid webresource request.
Source : System.Web
TargetSite : Void System.Web.IHttpHandler.ProcessRequest(System.Web.HttpContext)
StackTrace :    at System.Web.Handlers.AssemblyResourceLoader.System.Web.IHttpHandler.ProcessRequest(HttpContext context)
   at System.Web.HttpApplication.CallHandlerExecutionStep.System.Web.HttpApplication.IExecutionStep.Execute()
   at System.Web.HttpApplication.ExecuteStep(IExecutionStep step, Boolean& completedSynchronously)


Time : 30/09/2017 08:20:06
IP : ::1
URL : http://localhost:5590/WebResource.axd?d=KXtDxn8o6ZQXnTS84tsqwhikvuVQa_Vdya1JFNgmzqeO_a-jvQuJ488R2U6Xcu8zhvRPV4bVEtJZoXtpmGMKvUk491SXokgT2M_BkTZp1EM1&t=636161092665894255
Message : This is an invalid webresource request.
Source : System.Web
TargetSite : Void System.Web.IHttpHandler.ProcessRequest(System.Web.HttpContext)
StackTrace :    at System.Web.Handlers.AssemblyResourceLoader.System.Web.IHttpHandler.ProcessRequest(HttpContext context)
   at System.Web.HttpApplication.CallHandlerExecutionStep.System.Web.HttpApplication.IExecutionStep.Execute()
   at System.Web.HttpApplication.ExecuteStep(IExecutionStep step, Boolean& completedSynchronously)


Time : 30/09/2017 08:26:40
IP : ::1
URL : http://localhost:5590/WebResource.axd?d=KXtDxn8o6ZQXnTS84tsqwhikvuVQa_Vdya1JFNgmzqeO_a-jvQuJ488R2U6Xcu8zhvRPV4bVEtJZoXtpmGMKvUk491SXokgT2M_BkTZp1EM1&t=636161092665894255
Message : This is an invalid webresource request.
Source : System.Web
TargetSite : Void System.Web.IHttpHandler.ProcessRequest(System.Web.HttpContext)
StackTrace :    at System.Web.Handlers.AssemblyResourceLoader.System.Web.IHttpHandler.ProcessRequest(HttpContext context)
   at System.Web.HttpApplication.CallHandlerExecutionStep.System.Web.HttpApplication.IExecutionStep.Execute()
   at System.Web.HttpApplication.ExecuteStep(IExecutionStep step, Boolean& completedSynchronously)


Time : 30/09/2017 08:26:41
IP : ::1
URL : http://localhost:5590/WebResource.axd?d=KXtDxn8o6ZQXnTS84tsqwhikvuVQa_Vdya1JFNgmzqeO_a-jvQuJ488R2U6Xcu8zhvRPV4bVEtJZoXtpmGMKvUk491SXokgT2M_BkTZp1EM1&t=636161092665894255
Message : This is an invalid webresource request.
Source : System.Web
TargetSite : Void System.Web.IHttpHandler.ProcessRequest(System.Web.HttpContext)
StackTrace :    at System.Web.Handlers.AssemblyResourceLoader.System.Web.IHttpHandler.ProcessRequest(HttpContext context)
   at System.Web.HttpApplication.CallHandlerExecutionStep.System.Web.HttpApplication.IExecutionStep.Execute()
   at System.Web.HttpApplication.ExecuteStep(IExecutionStep step, Boolean& completedSynchronously)


Time : 30/09/2017 10:25:48
IP : ::1
URL : http://localhost:5590/WebResource.axd?d=KXtDxn8o6ZQXnTS84tsqwhikvuVQa_Vdya1JFNgmzqeO_a-jvQuJ488R2U6Xcu8zhvRPV4bVEtJZoXtpmGMKvUk491SXokgT2M_BkTZp1EM1&t=636161092665894255
Message : This is an invalid webresource request.
Source : System.Web
TargetSite : Void System.Web.IHttpHandler.ProcessRequest(System.Web.HttpContext)
StackTrace :    at System.Web.Handlers.AssemblyResourceLoader.System.Web.IHttpHandler.ProcessRequest(HttpContext context)
   at System.Web.HttpApplication.CallHandlerExecutionStep.System.Web.HttpApplication.IExecutionStep.Execute()
   at System.Web.HttpApplication.ExecuteStep(IExecutionStep step, Boolean& completedSynchronously)


Time : 30/09/2017 10:25:51
IP : ::1
URL : http://localhost:5590/WebResource.axd?d=KXtDxn8o6ZQXnTS84tsqwhikvuVQa_Vdya1JFNgmzqeO_a-jvQuJ488R2U6Xcu8zhvRPV4bVEtJZoXtpmGMKvUk491SXokgT2M_BkTZp1EM1&t=636161092665894255
Message : This is an invalid webresource request.
Source : System.Web
TargetSite : Void System.Web.IHttpHandler.ProcessRequest(System.Web.HttpContext)
StackTrace :    at System.Web.Handlers.AssemblyResourceLoader.System.Web.IHttpHandler.ProcessRequest(HttpContext context)
   at System.Web.HttpApplication.CallHandlerExecutionStep.System.Web.HttpApplication.IExecutionStep.Execute()
   at System.Web.HttpApplication.ExecuteStep(IExecutionStep step, Boolean& completedSynchronously)


Time : 30/09/2017 11:18:20
IP : ::1
URL : http://localhost:5590/TTPortal/Default.aspx
Message : e:\JOB\ITT\01.CongTTDT\02.Source\HL.Website\TTPortal\Views\ModVanBan\Index.ascx(184): error CS1061: 'HL.Lib.Models.ModVanBanEntity' does not contain a definition for 'Files' and no extension method 'Files' accepting a first argument of type 'HL.Lib.Models.ModVanBanEntity' could be found (are you missing a using directive or an assembly reference?)
Source : System.Web
TargetSite : System.CodeDom.Compiler.CompilerResults Compile()
StackTrace :    at System.Web.Compilation.AssemblyBuilder.Compile()
   at System.Web.Compilation.BuildProvidersCompiler.PerformBuild()
   at System.Web.Compilation.BuildManager.CompileWebFile(VirtualPath virtualPath)
   at System.Web.Compilation.BuildManager.GetVPathBuildResultInternal(VirtualPath virtualPath, Boolean noBuild, Boolean allowCrossApp, Boolean allowBuildInPrecompile, Boolean throwIfNotFound, Boolean ensureIsUpToDate)
   at System.Web.Compilation.BuildManager.GetVPathBuildResultWithNoAssert(HttpContext context, VirtualPath virtualPath, Boolean noBuild, Boolean allowCrossApp, Boolean allowBuildInPrecompile, Boolean throwIfNotFound, Boolean ensureIsUpToDate)
   at System.Web.UI.TemplateControl.LoadControl(VirtualPath virtualPath)
   at System.Web.UI.TemplateControl.LoadControl(String virtualPath)
   at HL.Core.MVC.ViewPageBase.phamlen_4(String string_4)
   at HL.Core.MVC.CPViewPage.OnLoad(EventArgs e)
   at System.Web.UI.Control.LoadRecursive()
   at System.Web.UI.Page.ProcessRequestMain(Boolean includeStagesBeforeAsyncPoint, Boolean includeStagesAfterAsyncPoint)
   at System.Web.UI.Page.ProcessRequest(Boolean includeStagesBeforeAsyncPoint, Boolean includeStagesAfterAsyncPoint)
   at System.Web.UI.Page.ProcessRequest()
   at System.Web.UI.Page.ProcessRequestWithNoAssert(HttpContext context)
   at System.Web.UI.Page.ProcessRequest(HttpContext context)
   at ASP.ttportal_default_aspx.ProcessRequest(HttpContext context) in c:\Users\AnhThem\AppData\Local\Temp\Temporary ASP.NET Files\vs\8dbc73cc\5e60487e\App_Web_default.aspx.227e41d1.lmm5-lwb.0.cs:line 0
   at System.Web.HttpApplication.CallHandlerExecutionStep.System.Web.HttpApplication.IExecutionStep.Execute()
   at System.Web.HttpApplication.ExecuteStep(IExecutionStep step, Boolean& completedSynchronously)


Time : 30/09/2017 11:18:23
IP : ::1
URL : http://localhost:5590/TTPortal/Default.aspx
Message : e:\JOB\ITT\01.CongTTDT\02.Source\HL.Website\TTPortal\Views\ModVanBan\Index.ascx(184): error CS1061: 'HL.Lib.Models.ModVanBanEntity' does not contain a definition for 'Files' and no extension method 'Files' accepting a first argument of type 'HL.Lib.Models.ModVanBanEntity' could be found (are you missing a using directive or an assembly reference?)
Source : System.Web
TargetSite : System.CodeDom.Compiler.CompilerResults Compile()
StackTrace :    at System.Web.Compilation.BuildManager.PostProcessFoundBuildResult(BuildResult result, Boolean keyFromVPP, VirtualPath virtualPath)
   at System.Web.Compilation.BuildManager.GetBuildResultFromCacheInternal(String cacheKey, Boolean keyFromVPP, VirtualPath virtualPath, Int64 hashCode, Boolean ensureIsUpToDate)
   at System.Web.Compilation.BuildManager.GetVPathBuildResultFromCacheInternal(VirtualPath virtualPath, Boolean ensureIsUpToDate)
   at System.Web.Compilation.BuildManager.GetVPathBuildResultInternal(VirtualPath virtualPath, Boolean noBuild, Boolean allowCrossApp, Boolean allowBuildInPrecompile, Boolean throwIfNotFound, Boolean ensureIsUpToDate)
   at System.Web.Compilation.BuildManager.GetVPathBuildResultWithNoAssert(HttpContext context, VirtualPath virtualPath, Boolean noBuild, Boolean allowCrossApp, Boolean allowBuildInPrecompile, Boolean throwIfNotFound, Boolean ensureIsUpToDate)
   at System.Web.UI.TemplateControl.LoadControl(VirtualPath virtualPath)
   at System.Web.UI.TemplateControl.LoadControl(String virtualPath)
   at HL.Core.MVC.ViewPageBase.phamlen_4(String string_4)
   at HL.Core.MVC.CPViewPage.OnLoad(EventArgs e)
   at System.Web.UI.Control.LoadRecursive()
   at System.Web.UI.Page.ProcessRequestMain(Boolean includeStagesBeforeAsyncPoint, Boolean includeStagesAfterAsyncPoint)
   at System.Web.UI.Page.ProcessRequest(Boolean includeStagesBeforeAsyncPoint, Boolean includeStagesAfterAsyncPoint)
   at System.Web.UI.Page.ProcessRequest()
   at System.Web.UI.Page.ProcessRequestWithNoAssert(HttpContext context)
   at System.Web.UI.Page.ProcessRequest(HttpContext context)
   at ASP.ttportal_default_aspx.ProcessRequest(HttpContext context) in c:\Users\AnhThem\AppData\Local\Temp\Temporary ASP.NET Files\vs\8dbc73cc\5e60487e\App_Web_default.aspx.227e41d1.lmm5-lwb.0.cs:line 0
   at System.Web.HttpApplication.CallHandlerExecutionStep.System.Web.HttpApplication.IExecutionStep.Execute()
   at System.Web.HttpApplication.ExecuteStep(IExecutionStep step, Boolean& completedSynchronously)


